{"E:\\learning\\projects\\password-generator-vue\\src\\App.vue": {"path":"E:\\learning\\projects\\password-generator-vue\\src\\App.vue","statementMap":{"0":{"start":{"line":5,"column":16},"end":{"line":24,"column":3}},"1":{"start":{"line":6,"column":22},"end":{"line":15,"column":3}},"2":{"start":{"line":7,"column":4},"end":{"line":13,"column":6}},"3":{"start":{"line":10,"column":6},"end":{"line":10,"column":22}},"4":{"start":{"line":12,"column":6},"end":{"line":12,"column":83}},"5":{"start":{"line":12,"column":23},"end":{"line":12,"column":83}},"6":{"start":{"line":12,"column":71},"end":{"line":12,"column":83}},"7":{"start":{"line":14,"column":4},"end":{"line":14,"column":31}},"8":{"start":{"line":16,"column":2},"end":{"line":23,"column":4}},"9":{"start":{"line":17,"column":4},"end":{"line":17,"column":137}},"10":{"start":{"line":17,"column":47},"end":{"line":17,"column":137}},"11":{"start":{"line":18,"column":4},"end":{"line":18,"column":24}},"12":{"start":{"line":20,"column":6},"end":{"line":20,"column":27}},"13":{"start":{"line":22,"column":4},"end":{"line":22,"column":89}},"14":{"start":{"line":25,"column":15},"end":{"line":34,"column":1}},"15":{"start":{"line":26,"column":2},"end":{"line":32,"column":4}},"16":{"start":{"line":27,"column":4},"end":{"line":30,"column":5}},"17":{"start":{"line":27,"column":20},"end":{"line":27,"column":21}},"18":{"start":{"line":27,"column":27},"end":{"line":27,"column":43}},"19":{"start":{"line":28,"column":6},"end":{"line":28,"column":23}},"20":{"start":{"line":29,"column":6},"end":{"line":29,"column":83}},"21":{"start":{"line":29,"column":23},"end":{"line":29,"column":83}},"22":{"start":{"line":29,"column":71},"end":{"line":29,"column":83}},"23":{"start":{"line":31,"column":4},"end":{"line":31,"column":13}},"24":{"start":{"line":33,"column":2},"end":{"line":33,"column":41}},"25":{"start":{"line":35,"column":17},"end":{"line":41,"column":1}},"26":{"start":{"line":36,"column":10},"end":{"line":36,"column":26}},"27":{"start":{"line":37,"column":8},"end":{"line":37,"column":99}},"28":{"start":{"line":39,"column":2},"end":{"line":39,"column":275}},"29":{"start":{"line":39,"column":77},"end":{"line":39,"column":129}},"30":{"start":{"line":39,"column":134},"end":{"line":39,"column":275}},"31":{"start":{"line":39,"column":147},"end":{"line":39,"column":168}},"32":{"start":{"line":39,"column":183},"end":{"line":39,"column":275}},"33":{"start":{"line":39,"column":206},"end":{"line":39,"column":275}},"34":{"start":{"line":40,"column":2},"end":{"line":40,"column":64}},"35":{"start":{"line":42,"column":22},"end":{"line":46,"column":1}},"36":{"start":{"line":43,"column":2},"end":{"line":45,"column":4}},"37":{"start":{"line":47,"column":0},"end":{"line":49,"column":3}},"38":{"start":{"line":50,"column":28},"end":{"line":50,"column":58}},"39":{"start":{"line":51,"column":19},"end":{"line":51,"column":77}},"40":{"start":{"line":52,"column":19},"end":{"line":52,"column":84}},"41":{"start":{"line":53,"column":13},"end":{"line":53,"column":28}},"42":{"start":{"line":54,"column":15},"end":{"line":54,"column":34}},"43":{"start":{"line":55,"column":23},"end":{"line":99,"column":28}},"44":{"start":{"line":56,"column":2},"end":{"line":56,"column":25}},"45":{"start":{"line":58,"column":16},"end":{"line":58,"column":72}},"46":{"start":{"line":59,"column":4},"end":{"line":64,"column":7}},"47":{"start":{"line":65,"column":4},"end":{"line":70,"column":7}},"48":{"start":{"line":71,"column":4},"end":{"line":71,"column":17}},"49":{"start":{"line":73,"column":2},"end":{"line":97,"column":12}},"50":{"start":{"line":79,"column":6},"end":{"line":81,"column":8}},"51":{"start":{"line":86,"column":26},"end":{"line":86,"column":79}},"52":{"start":{"line":87,"column":8},"end":{"line":87,"column":38}},"53":{"start":{"line":90,"column":21},"end":{"line":90,"column":23}},"54":{"start":{"line":91,"column":8},"end":{"line":93,"column":9}},"55":{"start":{"line":91,"column":21},"end":{"line":91,"column":22}},"56":{"start":{"line":92,"column":10},"end":{"line":92,"column":59}},"57":{"start":{"line":94,"column":8},"end":{"line":94,"column":22}},"58":{"start":{"line":98,"column":2},"end":{"line":98,"column":13}},"59":{"start":{"line":100,"column":0},"end":{"line":100,"column":22}},"60":{"start":{"line":101,"column":0},"end":{"line":101,"column":13}},"61":{"start":{"line":102,"column":0},"end":{"line":102,"column":62}},"62":{"start":{"line":103,"column":0},"end":{"line":103,"column":24}},"63":{"start":{"line":104,"column":12},"end":{"line":104,"column":26}},"64":{"start":{"line":106,"column":28},"end":{"line":106,"column":65}},"65":{"start":{"line":107,"column":28},"end":{"line":107,"column":65}},"66":{"start":{"line":108,"column":4},"end":{"line":119,"column":34}},"67":{"start":{"line":114,"column":54},"end":{"line":116,"column":14}},"68":{"start":{"line":121,"column":0},"end":{"line":121,"column":24}},"69":{"start":{"line":123,"column":7},"end":{"line":126,"column":6}},"70":{"start":{"line":126,"column":7},"end":{"line":126,"column":54}}},"fnMap":{"0":{"name":"(anonymous_0)","decl":{"start":{"line":5,"column":42},"end":{"line":5,"column":43}},"loc":{"start":{"line":5,"column":54},"end":{"line":24,"column":1}},"line":5},"1":{"name":"(anonymous_1)","decl":{"start":{"line":6,"column":22},"end":{"line":6,"column":23}},"loc":{"start":{"line":6,"column":38},"end":{"line":15,"column":3}},"line":6},"2":{"name":"(anonymous_2)","decl":{"start":{"line":9,"column":26},"end":{"line":9,"column":27}},"loc":{"start":{"line":9,"column":42},"end":{"line":11,"column":5}},"line":9},"3":{"name":"(anonymous_3)","decl":{"start":{"line":11,"column":9},"end":{"line":11,"column":10}},"loc":{"start":{"line":11,"column":25},"end":{"line":13,"column":5}},"line":11},"4":{"name":"(anonymous_4)","decl":{"start":{"line":16,"column":9},"end":{"line":16,"column":10}},"loc":{"start":{"line":16,"column":25},"end":{"line":23,"column":3}},"line":16},"5":{"name":"__","decl":{"start":{"line":19,"column":13},"end":{"line":19,"column":15}},"loc":{"start":{"line":19,"column":18},"end":{"line":21,"column":5}},"line":19},"6":{"name":"(anonymous_6)","decl":{"start":{"line":25,"column":40},"end":{"line":25,"column":41}},"loc":{"start":{"line":25,"column":52},"end":{"line":34,"column":1}},"line":25},"7":{"name":"(anonymous_7)","decl":{"start":{"line":26,"column":30},"end":{"line":26,"column":31}},"loc":{"start":{"line":26,"column":43},"end":{"line":32,"column":3}},"line":26},"8":{"name":"(anonymous_8)","decl":{"start":{"line":35,"column":44},"end":{"line":35,"column":45}},"loc":{"start":{"line":35,"column":85},"end":{"line":41,"column":1}},"line":35},"9":{"name":"(anonymous_9)","decl":{"start":{"line":42,"column":54},"end":{"line":42,"column":55}},"loc":{"start":{"line":42,"column":69},"end":{"line":46,"column":1}},"line":42},"10":{"name":"(anonymous_10)","decl":{"start":{"line":55,"column":23},"end":{"line":55,"column":24}},"loc":{"start":{"line":55,"column":41},"end":{"line":99,"column":1}},"line":55},"11":{"name":"App","decl":{"start":{"line":57,"column":11},"end":{"line":57,"column":14}},"loc":{"start":{"line":57,"column":17},"end":{"line":72,"column":3}},"line":57},"12":{"name":"(anonymous_12)","decl":{"start":{"line":78,"column":10},"end":{"line":78,"column":11}},"loc":{"start":{"line":78,"column":22},"end":{"line":82,"column":5}},"line":78},"13":{"name":"(anonymous_13)","decl":{"start":{"line":85,"column":42},"end":{"line":85,"column":43}},"loc":{"start":{"line":85,"column":54},"end":{"line":88,"column":7}},"line":85},"14":{"name":"(anonymous_14)","decl":{"start":{"line":89,"column":24},"end":{"line":89,"column":25}},"loc":{"start":{"line":89,"column":42},"end":{"line":95,"column":7}},"line":89},"15":{"name":"render","decl":{"start":{"line":105,"column":9},"end":{"line":105,"column":15}},"loc":{"start":{"line":105,"column":30},"end":{"line":120,"column":1}},"line":105},"16":{"name":"(anonymous_16)","decl":{"start":{"line":114,"column":40},"end":{"line":114,"column":41}},"loc":{"start":{"line":114,"column":52},"end":{"line":116,"column":16}},"line":114}},"branchMap":{"0":{"loc":{"start":{"line":5,"column":16},"end":{"line":24,"column":3}},"type":"binary-expr","locations":[{"start":{"line":5,"column":16},"end":{"line":5,"column":20}},{"start":{"line":5,"column":24},"end":{"line":5,"column":38}},{"start":{"line":5,"column":42},"end":{"line":24,"column":3}}],"line":5},"1":{"loc":{"start":{"line":7,"column":20},"end":{"line":13,"column":5}},"type":"binary-expr","locations":[{"start":{"line":7,"column":20},"end":{"line":7,"column":41}},{"start":{"line":7,"column":45},"end":{"line":9,"column":22}},{"start":{"line":9,"column":26},"end":{"line":11,"column":5}},{"start":{"line":11,"column":9},"end":{"line":13,"column":5}}],"line":7},"2":{"loc":{"start":{"line":12,"column":23},"end":{"line":12,"column":83}},"type":"if","locations":[{"start":{"line":12,"column":23},"end":{"line":12,"column":83}},{"start":{},"end":{}}],"line":12},"3":{"loc":{"start":{"line":17,"column":4},"end":{"line":17,"column":137}},"type":"if","locations":[{"start":{"line":17,"column":4},"end":{"line":17,"column":137}},{"start":{},"end":{}}],"line":17},"4":{"loc":{"start":{"line":17,"column":8},"end":{"line":17,"column":45}},"type":"binary-expr","locations":[{"start":{"line":17,"column":8},"end":{"line":17,"column":31}},{"start":{"line":17,"column":35},"end":{"line":17,"column":45}}],"line":17},"5":{"loc":{"start":{"line":22,"column":18},"end":{"line":22,"column":88}},"type":"cond-expr","locations":[{"start":{"line":22,"column":31},"end":{"line":22,"column":47}},{"start":{"line":22,"column":51},"end":{"line":22,"column":87}}],"line":22},"6":{"loc":{"start":{"line":25,"column":15},"end":{"line":34,"column":1}},"type":"binary-expr","locations":[{"start":{"line":25,"column":15},"end":{"line":25,"column":19}},{"start":{"line":25,"column":23},"end":{"line":25,"column":36}},{"start":{"line":25,"column":40},"end":{"line":34,"column":1}}],"line":25},"7":{"loc":{"start":{"line":26,"column":13},"end":{"line":32,"column":3}},"type":"binary-expr","locations":[{"start":{"line":26,"column":13},"end":{"line":26,"column":26}},{"start":{"line":26,"column":30},"end":{"line":32,"column":3}}],"line":26},"8":{"loc":{"start":{"line":29,"column":23},"end":{"line":29,"column":83}},"type":"if","locations":[{"start":{"line":29,"column":23},"end":{"line":29,"column":83}},{"start":{},"end":{}}],"line":29},"9":{"loc":{"start":{"line":35,"column":17},"end":{"line":41,"column":1}},"type":"binary-expr","locations":[{"start":{"line":35,"column":17},"end":{"line":35,"column":21}},{"start":{"line":35,"column":25},"end":{"line":35,"column":40}},{"start":{"line":35,"column":44},"end":{"line":41,"column":1}}],"line":35},"10":{"loc":{"start":{"line":37,"column":8},"end":{"line":37,"column":99}},"type":"cond-expr","locations":[{"start":{"line":37,"column":16},"end":{"line":37,"column":22}},{"start":{"line":37,"column":25},"end":{"line":37,"column":99}}],"line":37},"11":{"loc":{"start":{"line":37,"column":25},"end":{"line":37,"column":99}},"type":"cond-expr","locations":[{"start":{"line":37,"column":41},"end":{"line":37,"column":92}},{"start":{"line":37,"column":95},"end":{"line":37,"column":99}}],"line":37},"12":{"loc":{"start":{"line":39,"column":2},"end":{"line":39,"column":275}},"type":"if","locations":[{"start":{"line":39,"column":2},"end":{"line":39,"column":275}},{"start":{"line":39,"column":134},"end":{"line":39,"column":275}}],"line":39},"13":{"loc":{"start":{"line":39,"column":6},"end":{"line":39,"column":75}},"type":"binary-expr","locations":[{"start":{"line":39,"column":6},"end":{"line":39,"column":33}},{"start":{"line":39,"column":37},"end":{"line":39,"column":75}}],"line":39},"14":{"loc":{"start":{"line":39,"column":183},"end":{"line":39,"column":275}},"type":"if","locations":[{"start":{"line":39,"column":183},"end":{"line":39,"column":275}},{"start":{},"end":{}}],"line":39},"15":{"loc":{"start":{"line":39,"column":210},"end":{"line":39,"column":274}},"type":"binary-expr","locations":[{"start":{"line":39,"column":211},"end":{"line":39,"column":268}},{"start":{"line":39,"column":273},"end":{"line":39,"column":274}}],"line":39},"16":{"loc":{"start":{"line":39,"column":211},"end":{"line":39,"column":268}},"type":"cond-expr","locations":[{"start":{"line":39,"column":219},"end":{"line":39,"column":223}},{"start":{"line":39,"column":226},"end":{"line":39,"column":268}}],"line":39},"17":{"loc":{"start":{"line":39,"column":226},"end":{"line":39,"column":268}},"type":"cond-expr","locations":[{"start":{"line":39,"column":234},"end":{"line":39,"column":251}},{"start":{"line":39,"column":254},"end":{"line":39,"column":268}}],"line":39},"18":{"loc":{"start":{"line":40,"column":9},"end":{"line":40,"column":60}},"type":"binary-expr","locations":[{"start":{"line":40,"column":9},"end":{"line":40,"column":14}},{"start":{"line":40,"column":18},"end":{"line":40,"column":19}},{"start":{"line":40,"column":23},"end":{"line":40,"column":60}}],"line":40},"19":{"loc":{"start":{"line":42,"column":22},"end":{"line":46,"column":1}},"type":"binary-expr","locations":[{"start":{"line":42,"column":22},"end":{"line":42,"column":26}},{"start":{"line":42,"column":30},"end":{"line":42,"column":50}},{"start":{"line":42,"column":54},"end":{"line":46,"column":1}}],"line":42},"20":{"loc":{"start":{"line":43,"column":9},"end":{"line":45,"column":3}},"type":"cond-expr","locations":[{"start":{"line":43,"column":33},"end":{"line":43,"column":36}},{"start":{"line":43,"column":39},"end":{"line":45,"column":3}}],"line":43},"21":{"loc":{"start":{"line":43,"column":9},"end":{"line":43,"column":30}},"type":"binary-expr","locations":[{"start":{"line":43,"column":9},"end":{"line":43,"column":12}},{"start":{"line":43,"column":16},"end":{"line":43,"column":30}}],"line":43},"22":{"loc":{"start":{"line":58,"column":16},"end":{"line":58,"column":72}},"type":"binary-expr","locations":[{"start":{"line":58,"column":16},"end":{"line":58,"column":31}},{"start":{"line":58,"column":35},"end":{"line":58,"column":64}},{"start":{"line":58,"column":68},"end":{"line":58,"column":72}}],"line":58}},"s":{"0":1,"1":1,"2":1,"3":0,"4":0,"5":0,"6":0,"7":1,"8":1,"9":1,"10":0,"11":1,"12":1,"13":1,"14":1,"15":1,"16":0,"17":0,"18":0,"19":0,"20":0,"21":0,"22":0,"23":0,"24":1,"25":1,"26":1,"27":1,"28":1,"29":0,"30":1,"31":1,"32":1,"33":1,"34":1,"35":1,"36":2,"37":1,"38":1,"39":1,"40":1,"41":1,"42":1,"43":1,"44":1,"45":3,"46":3,"47":3,"48":3,"49":1,"50":3,"51":0,"52":0,"53":0,"54":0,"55":0,"56":0,"57":0,"58":1,"59":1,"60":1,"61":1,"62":1,"63":1,"64":3,"65":3,"66":3,"67":3,"68":1,"69":1,"70":1},"f":{"0":1,"1":1,"2":0,"3":0,"4":1,"5":1,"6":1,"7":0,"8":1,"9":2,"10":1,"11":3,"12":3,"13":0,"14":0,"15":3,"16":3},"b":{"0":[1,1,1],"1":[1,0,0,0],"2":[0,0],"3":[0,1],"4":[1,0],"5":[0,1],"6":[1,1,1],"7":[1,0],"8":[0,0],"9":[1,1,1],"10":[1,0],"11":[0,0],"12":[0,1],"13":[1,1],"14":[1,0],"15":[1,0],"16":[1,0],"17":[0,0],"18":[1,0,0],"19":[1,1,1],"20":[2,0],"21":[2,2],"22":[3,3,3]},"inputSourceMap":{"0":"{","1":"\"","2":"v","3":"e","4":"r","5":"s","6":"i","7":"o","8":"n","9":"\"","10":":","11":"3","12":",","13":"\"","14":"s","15":"o","16":"u","17":"r","18":"c","19":"e","20":"s","21":"\"","22":":","23":"[","24":"\"","25":"E","26":":","27":"\\","28":"\\","29":"l","30":"e","31":"a","32":"r","33":"n","34":"i","35":"n","36":"g","37":"\\","38":"\\","39":"p","40":"r","41":"o","42":"j","43":"e","44":"c","45":"t","46":"s","47":"\\","48":"\\","49":"p","50":"a","51":"s","52":"s","53":"w","54":"o","55":"r","56":"d","57":"-","58":"g","59":"e","60":"n","61":"e","62":"r","63":"a","64":"t","65":"o","66":"r","67":"-","68":"v","69":"u","70":"e","71":"\\","72":"\\","73":"s","74":"r","75":"c","76":"\\","77":"\\","78":"A","79":"p","80":"p","81":".","82":"v","83":"u","84":"e","85":"\"","86":"]","87":",","88":"\"","89":"n","90":"a","91":"m","92":"e","93":"s","94":"\"","95":":","96":"[","97":"]","98":",","99":"\"","100":"m","101":"a","102":"p","103":"p","104":"i","105":"n","106":"g","107":"s","108":"\"","109":":","110":"\"","111":";","112":";","113":";","114":";","115":";","116":";","117":";","118":";","119":";","120":";","121":";","122":";","123":";","124":";","125":";","126":";","127":";","128":";","129":";","130":";","131":";","132":";","133":";","134":";","135":";","136":";","137":";","138":";","139":";","140":";","141":";","142":";","143":";","144":";","145":";","146":";","147":";","148":";","149":";","150":";","151":";","152":";","153":";","154":";","155":";","156":";","157":";","158":";","159":";","160":"A","161":"A","162":"Y","163":"A","164":";","165":"A","166":"A","167":"C","168":"A","169":";","170":"A","171":"A","172":"C","173":"A","174":";","175":"A","176":"A","177":"C","178":"A","179":";","180":"A","181":"A","182":"C","183":"A","184":";","185":"A","186":"A","187":"+","188":"B","189":"A","190":";","191":"E","192":"A","193":"A","194":"i","195":"C","196":";","197":"E","198":"A","199":"A","200":"j","201":"C","202":";","203":"I","204":"A","205":"A","206":"A","207":";","208":"I","209":"A","210":"C","211":"E","212":";","213":";","214":";","215":";","216":";","217":";","218":"I","219":"A","220":"C","221":"A","222":";","223":";","224":";","225":";","226":";","227":";","228":";","229":"E","230":"A","231":"C","232":"F","233":";","234":"E","235":"A","236":"H","237":"q","238":"B","239":",","240":"G","241":"A","242":"A","243":"G","244":",","245":"e","246":"A","247":"7","248":"B","249":"v","250":"B","251":",","252":"i","253":"C","254":"A","255":"A","256":"O","257":",","258":"E","259":"A","260":"A","261":"C","262":";","263":"I","264":"A","265":"C","266":"P","267":",","268":"U","269":"A","270":"A","271":"U","272":",","273":"E","274":"A","275":"A","276":"E","277":";","278":"M","279":"A","280":"C","281":"V","282":",","283":"M","284":"A","285":"A","286":"M","287":";","288":"M","289":"A","290":"C","291":"N","292":",","293":"M","294":"A","295":"A","296":"M","297":";","298":"K","299":"A","300":"C","301":"P","302":";","303":"I","304":"A","305":"C","306":"D","307":",","308":"I","309":"A","310":"A","311":"I","312":",","313":"E","314":"A","315":"A","316":"E","317":";","318":"M","319":"A","320":"A","321":"M","322":",","323":"O","324":"A","325":"A","326":"C","327":";","328":"Q","329":"A","330":"C","331":"X","332":",","333":"2","334":"B","335":"A","336":"A","337":"2","338":"B","339":",","340":"E","341":"A","342":"A","343":"E","344":";","345":"O","346":"A","347":"C","348":"9","349":"B","350":";","351":"I","352":"A","353":"F","354":"W","355":",","356":"C","357":"A","358":"E","359":"V","360":";","361":"I","362":"A","363":"C","364":"F","365":",","366":"Q","367":"A","368":"A","369":"Q","370":",","371":"e","372":"A","373":"C","374":"H","375":",","376":"m","377":"B","378":"A","379":"A","380":"Q","381":",","382":"E","383":"A","384":"A","385":"C","386":",","387":"C","388":"A","389":"A","390":"C","391":",","392":"U","393":"A","394":"A","395":"U","396":",","397":"C","398":"A","399":"A","400":"C","401":",","402":"C","403":"A","404":"A","405":"C","406":",","407":"C","408":"A","409":"C","410":"1","411":"B","412":";","413":"I","414":"A","415":"C","416":"D","417":",","418":"O","419":"A","420":"A","421":"O","422":",","423":"w","424":"B","425":"A","426":"C","427":"F","428":",","429":"u","430":"B","431":"A","432":"A","433":"Y","434":",","435":"E","436":"A","437":"A","438":"C","439":",","440":"C","441":"A","442":"A","443":"C","444":",","445":"a","446":"A","447":"A","448":"a","449":",","450":"C","451":"A","452":"A","453":"C","454":",","455":"C","456":"A","457":"A","458":"C","459":";","460":"M","461":"A","462":"C","463":"h","464":"C","465":",","466":"k","467":"C","468":"A","469":"A","470":"k","471":"C","472":";","473":"Q","474":"A","475":"C","476":"h","477":"C","478":",","479":"I","480":"A","481":"A","482":"M","483":",","484":"W","485":"A","486":"A","487":"W","488":",","489":"G","490":"A","491":"A","492":"G","493":",","494":"I","495":"A","496":"A","497":"I","498":",","499":"C","500":"A","501":"A","502":"C","503":",","504":"g","505":"B","506":"A","507":"A","508":"g","509":"B","510":",","511":"C","512":"A","513":"A","514":"C","515":",","516":"8","517":"B","518":"A","519":"A","520":"q","521":"B","522":",","523":"C","524":"A","525":"A","526":"C","527":";","528":"Q","529":"A","530":"C","531":"h","532":"E","533":",","534":"I","535":"A","536":"A","537":"I","538":",","539":"C","540":"A","541":"A","542":"C","543":",","544":"W","545":"A","546":"A","547":"W","548":",","549":"C","550":"A","551":"A","552":"C","553":",","554":"W","555":"A","556":"A","557":"W","558":",","559":"C","560":"A","561":"A","562":"C","563":";","564":"M","565":"A","566":"C","567":"/","568":"B","569":",","570":"C","571":"A","572":"A","573":"C","574":";","575":"M","576":"A","577":"C","578":"D","579":",","580":"g","581":"B","582":"A","583":"A","584":"g","585":"B","586":",","587":"E","588":"A","589":"A","590":"h","591":"B","592":",","593":"U","594":"A","595":"A","596":"i","597":"B","598":",","599":"M","600":"A","601":"A","602":"c","603":";","604":"Q","605":"A","606":"C","607":"7","608":"B","609":",","610":"I","611":"A","612":"A","613":"I","614":",","615":"M","616":"A","617":"A","618":"M","619":",","620":"G","621":"A","622":"A","623":"G","624":",","625":"E","626":"A","627":"A","628":"E","629":";","630":"Q","631":"A","632":"E","633":"f","634":",","635":"K","636":"A","637":"A","638":"K","639":",","640":"I","641":"A","642":"A","643":"I","644":",","645":"C","646":"A","647":"A","648":"C","649":",","650":"G","651":"A","652":"A","653":"G","654":",","655":"C","656":"A","657":"A","658":"C","659":",","660":"E","661":"A","662":"A","663":"E","664":",","665":"C","666":"A","667":"A","668":"C","669":",","670":"G","671":"A","672":"A","673":"G","674":",","675":"M","676":"A","677":"A","678":"M","679":",","680":"E","681":"A","682":"A","683":"E","684":",","685":"C","686":"A","687":"A","688":"C","689":",","690":"E","691":"A","692":"A","693":"E","694":",","695":"E","696":"A","697":"A","698":"E","699":";","700":"U","701":"A","702":"C","703":"/","704":"B","705":",","706":"M","707":"A","708":"A","709":"M","710":",","711":"I","712":"A","713":"A","714":"I","715":",","716":"I","717":"A","718":"A","719":"I","720":",","721":"C","722":"A","723":"A","724":"C","725":",","726":"M","727":"A","728":"A","729":"M","730":",","731":"E","732":"A","733":"A","734":"E","735":",","736":"C","737":"A","738":"A","739":"C","740":",","741":"Q","742":"A","743":"A","744":"Q","745":",","746":"C","747":"A","748":"A","749":"C","750":",","751":"E","752":"A","753":"A","754":"E","755":",","756":"C","757":"A","758":"A","759":"C","760":",","761":"C","762":"A","763":"A","764":"C","765":",","766":"K","767":"A","768":"A","769":"K","770":",","771":"C","772":"A","773":"A","774":"C","775":",","776":"C","777":"A","778":"A","779":"C","780":",","781":"E","782":"A","783":"A","784":"E","785":",","786":"C","787":"A","788":"A","789":"C","790":",","791":"C","792":"A","793":"A","794":"C","795":";","796":";","797":"Q","798":"A","799":"G","800":"l","801":"D","802":",","803":"O","804":"A","805":"A","806":"O","807":",","808":"M","809":"A","810":"A","811":"M","812":";","813":"M","814":"A","815":"C","816":"f","817":";","818":"I","819":"A","820":"A","821":"C","822":";","823":"G","824":"A","825":"E","826":"J","827":",","828":"C","829":"A","830":"A","831":"C","832":",","833":"G","834":"A","835":"E","836":"m","837":"B","838":",","839":"G","840":"A","841":"A","842":"G","843":",","844":"C","845":"A","846":"G","847":"v","848":"B","849":";","850":"E","851":"A","852":"A","853":"D","854":",","855":"U","856":"A","857":"A","858":"C","859":";","860":"C","861":"A","862":"A","863":"A","864":",","865":"C","866":"A","867":"H","868":"g","869":"C","870":",","871":"y","872":"B","873":"A","874":"A","875":"G","876":";","877":"k","878":"B","879":"A","880":"A","881":"f","882":",","883":"G","884":"A","885":"A","886":"G","887":"\"","888":",","889":"\"","890":"f","891":"i","892":"l","893":"e","894":"\"","895":":","896":"\"","897":"E","898":":","899":"\\","900":"\\","901":"l","902":"e","903":"a","904":"r","905":"n","906":"i","907":"n","908":"g","909":"\\","910":"\\","911":"p","912":"r","913":"o","914":"j","915":"e","916":"c","917":"t","918":"s","919":"\\","920":"\\","921":"p","922":"a","923":"s","924":"s","925":"w","926":"o","927":"r","928":"d","929":"-","930":"g","931":"e","932":"n","933":"e","934":"r","935":"a","936":"t","937":"o","938":"r","939":"-","940":"v","941":"u","942":"e","943":"\\","944":"\\","945":"s","946":"r","947":"c","948":"\\","949":"\\","950":"A","951":"p","952":"p","953":".","954":"v","955":"u","956":"e","957":"\"","958":",","959":"\"","960":"s","961":"o","962":"u","963":"r","964":"c","965":"e","966":"s","967":"C","968":"o","969":"n","970":"t","971":"e","972":"n","973":"t","974":"\"","975":":","976":"[","977":"\"","978":"<","979":"t","980":"e","981":"m","982":"p","983":"l","984":"a","985":"t","986":"e","987":">","988":"\\","989":"n","990":" ","991":" ","992":"<","993":"R","994":"e","995":"s","996":"u","997":"l","998":"t","999":" ","1000":"d","1001":"a","1002":"t","1003":"a","1004":"-","1005":"t","1006":"e","1007":"s","1008":"t","1009":"-","1010":"i","1011":"d","1012":"=","1013":"\\","1014":"\"","1015":"r","1016":"e","1017":"s","1018":"u","1019":"l","1020":"t","1021":"\\","1022":"\"","1023":" ","1024":"/","1025":">","1026":"\\","1027":"n","1028":"\\","1029":"n","1030":" ","1031":" ","1032":"<","1033":"B","1034":"u","1035":"t","1036":"t","1037":"o","1038":"n","1039":"\\","1040":"n","1041":" ","1042":" ","1043":" ","1044":" ","1045":"d","1046":"a","1047":"t","1048":"a","1049":"-","1050":"t","1051":"e","1052":"s","1053":"t","1054":"-","1055":"i","1056":"d","1057":"=","1058":"\\","1059":"\"","1060":"g","1061":"e","1062":"n","1063":"e","1064":"r","1065":"a","1066":"t","1067":"e","1068":"P","1069":"a","1070":"s","1071":"s","1072":"w","1073":"o","1074":"r","1075":"d","1076":"B","1077":"u","1078":"t","1079":"t","1080":"o","1081":"n","1082":"\\","1083":"\"","1084":"\\","1085":"n","1086":" ","1087":" ","1088":" ","1089":" ","1090":":","1091":"w","1092":"h","1093":"e","1094":"n","1095":"C","1096":"l","1097":"i","1098":"c","1099":"k","1100":"=","1101":"\\","1102":"\"","1103":"g","1104":"e","1105":"n","1106":"e","1107":"r","1108":"a","1109":"t","1110":"e","1111":"P","1112":"a","1113":"s","1114":"s","1115":"w","1116":"o","1117":"r","1118":"d","1119":"B","1120":"u","1121":"t","1122":"t","1123":"o","1124":"n","1125":"C","1126":"l","1127":"i","1128":"c","1129":"k","1130":"H","1131":"a","1132":"n","1133":"d","1134":"l","1135":"e","1136":"r","1137":"\\","1138":"\"","1139":"\\","1140":"n","1141":" ","1142":" ","1143":">","1144":"\\","1145":"n","1146":" ","1147":" ","1148":" ","1149":" ","1150":"{","1151":"{","1152":" ","1153":"g","1154":"e","1155":"n","1156":"e","1157":"r","1158":"e","1159":"a","1160":"t","1161":"e","1162":"P","1163":"a","1164":"s","1165":"s","1166":"w","1167":"o","1168":"r","1169":"d","1170":"B","1171":"u","1172":"t","1173":"t","1174":"o","1175":"n","1176":"T","1177":"e","1178":"x","1179":"t","1180":" ","1181":"}","1182":"}","1183":"\\","1184":"n","1185":" ","1186":" ","1187":"<","1188":"/","1189":"B","1190":"u","1191":"t","1192":"t","1193":"o","1194":"n","1195":">","1196":"\\","1197":"n","1198":"<","1199":"/","1200":"t","1201":"e","1202":"m","1203":"p","1204":"l","1205":"a","1206":"t","1207":"e","1208":">","1209":"\\","1210":"n","1211":"\\","1212":"n","1213":"<","1214":"s","1215":"c","1216":"r","1217":"i","1218":"p","1219":"t","1220":" ","1221":"l","1222":"a","1223":"n","1224":"g","1225":"=","1226":"\\","1227":"\"","1228":"t","1229":"s","1230":"\\","1231":"\"","1232":">","1233":"\\","1234":"n","1235":"i","1236":"m","1237":"p","1238":"o","1239":"r","1240":"t","1241":" ","1242":"{","1243":" ","1244":"O","1245":"p","1246":"t","1247":"i","1248":"o","1249":"n","1250":"s","1251":",","1252":" ","1253":"V","1254":"u","1255":"e","1256":" ","1257":"}","1258":" ","1259":"f","1260":"r","1261":"o","1262":"m","1263":" ","1264":"'","1265":"v","1266":"u","1267":"e","1268":"-","1269":"c","1270":"l","1271":"a","1272":"s","1273":"s","1274":"-","1275":"c","1276":"o","1277":"m","1278":"p","1279":"o","1280":"n","1281":"e","1282":"n","1283":"t","1284":"'","1285":";","1286":"\\","1287":"n","1288":"i","1289":"m","1290":"p","1291":"o","1292":"r","1293":"t","1294":" ","1295":"R","1296":"e","1297":"s","1298":"u","1299":"l","1300":"t","1301":" ","1302":"f","1303":"r","1304":"o","1305":"m","1306":" ","1307":"'","1308":"@","1309":"/","1310":"c","1311":"o","1312":"m","1313":"p","1314":"o","1315":"n","1316":"e","1317":"n","1318":"t","1319":"s","1320":"/","1321":"R","1322":"e","1323":"s","1324":"u","1325":"l","1326":"t","1327":"/","1328":"R","1329":"e","1330":"s","1331":"u","1332":"l","1333":"t","1334":".","1335":"v","1336":"u","1337":"e","1338":"'","1339":";","1340":"\\","1341":"n","1342":"i","1343":"m","1344":"p","1345":"o","1346":"r","1347":"t","1348":" ","1349":"B","1350":"u","1351":"t","1352":"t","1353":"o","1354":"n","1355":" ","1356":"f","1357":"r","1358":"o","1359":"m","1360":" ","1361":"'","1362":"@","1363":"/","1364":"c","1365":"o","1366":"m","1367":"p","1368":"o","1369":"n","1370":"e","1371":"n","1372":"t","1373":"s","1374":"/","1375":"c","1376":"o","1377":"m","1378":"m","1379":"o","1380":"n","1381":"/","1382":"B","1383":"u","1384":"t","1385":"t","1386":"o","1387":"n","1388":"/","1389":"B","1390":"u","1391":"t","1392":"t","1393":"o","1394":"n","1395":".","1396":"v","1397":"u","1398":"e","1399":"'","1400":"\\","1401":"n","1402":"i","1403":"m","1404":"p","1405":"o","1406":"r","1407":"t","1408":" ","1409":"{","1410":" ","1411":"m","1412":"a","1413":"p","1414":"M","1415":"u","1416":"t","1417":"a","1418":"t","1419":"i","1420":"o","1421":"n","1422":"s","1423":",","1424":" ","1425":"m","1426":"a","1427":"p","1428":"S","1429":"t","1430":"a","1431":"t","1432":"e","1433":" ","1434":"}","1435":" ","1436":"f","1437":"r","1438":"o","1439":"m","1440":" ","1441":"'","1442":"v","1443":"u","1444":"e","1445":"x","1446":"'","1447":";","1448":"\\","1449":"n","1450":"i","1451":"m","1452":"p","1453":"o","1454":"r","1455":"t","1456":" ","1457":"{","1458":" ","1459":"d","1460":"e","1461":"f","1462":"a","1463":"u","1464":"l","1465":"t","1466":"P","1467":"a","1468":"s","1469":"s","1470":"w","1471":"o","1472":"r","1473":"d","1474":"L","1475":"e","1476":"n","1477":"g","1478":"t","1479":"h","1480":" ","1481":"}","1482":" ","1483":"f","1484":"r","1485":"o","1486":"m","1487":" ","1488":"'","1489":".","1490":"/","1491":"c","1492":"o","1493":"n","1494":"s","1495":"t","1496":"s","1497":"'","1498":";","1499":"\\","1500":"n","1501":"\\","1502":"n","1503":"@","1504":"O","1505":"p","1506":"t","1507":"i","1508":"o","1509":"n","1510":"s","1511":"(","1512":"{","1513":"\\","1514":"n","1515":" ","1516":" ","1517":"c","1518":"o","1519":"m","1520":"p","1521":"o","1522":"n","1523":"e","1524":"n","1525":"t","1526":"s","1527":":","1528":" ","1529":"{","1530":"\\","1531":"n","1532":" ","1533":" ","1534":" ","1535":" ","1536":"R","1537":"e","1538":"s","1539":"u","1540":"l","1541":"t","1542":",","1543":"\\","1544":"n","1545":" ","1546":" ","1547":" ","1548":" ","1549":"B","1550":"u","1551":"t","1552":"t","1553":"o","1554":"n","1555":",","1556":"\\","1557":"n","1558":" ","1559":" ","1560":"}","1561":",","1562":"\\","1563":"n","1564":" ","1565":" ","1566":"d","1567":"a","1568":"t","1569":"a","1570":":","1571":" ","1572":"(","1573":")","1574":" ","1575":"=","1576":">","1577":" ","1578":"(","1579":"{","1580":"\\","1581":"n","1582":" ","1583":" ","1584":" ","1585":" ","1586":"g","1587":"e","1588":"n","1589":"e","1590":"r","1591":"e","1592":"a","1593":"t","1594":"e","1595":"P","1596":"a","1597":"s","1598":"s","1599":"w","1600":"o","1601":"r","1602":"d","1603":"B","1604":"u","1605":"t","1606":"t","1607":"o","1608":"n","1609":"T","1610":"e","1611":"x","1612":"t","1613":":","1614":" ","1615":"'","1616":"С","1617":"г","1618":"е","1619":"н","1620":"е","1621":"р","1622":"и","1623":"р","1624":"о","1625":"в","1626":"а","1627":"т","1628":"ь","1629":" ","1630":"п","1631":"а","1632":"р","1633":"о","1634":"л","1635":"ь","1636":"'","1637":"\\","1638":"n","1639":" ","1640":" ","1641":"}","1642":")","1643":",","1644":"\\","1645":"n","1646":" ","1647":" ","1648":"c","1649":"o","1650":"m","1651":"p","1652":"u","1653":"t","1654":"e","1655":"d","1656":":","1657":" ","1658":"{","1659":"\\","1660":"n","1661":" ","1662":" ","1663":" ","1664":" ","1665":".","1666":".","1667":".","1668":"m","1669":"a","1670":"p","1671":"S","1672":"t","1673":"a","1674":"t","1675":"e","1676":"(","1677":"[","1678":"'","1679":"p","1680":"a","1681":"s","1682":"s","1683":"w","1684":"o","1685":"r","1686":"d","1687":"'","1688":"]","1689":")","1690":"\\","1691":"n","1692":" ","1693":" ","1694":"}","1695":",","1696":"\\","1697":"n","1698":" ","1699":" ","1700":"m","1701":"e","1702":"t","1703":"h","1704":"o","1705":"d","1706":"s","1707":":","1708":" ","1709":"{","1710":"\\","1711":"n","1712":" ","1713":" ","1714":" ","1715":" ","1716":".","1717":".","1718":".","1719":"m","1720":"a","1721":"p","1722":"M","1723":"u","1724":"t","1725":"a","1726":"t","1727":"i","1728":"o","1729":"n","1730":"s","1731":"(","1732":"[","1733":"'","1734":"s","1735":"e","1736":"t","1737":"P","1738":"a","1739":"s","1740":"s","1741":"w","1742":"o","1743":"r","1744":"d","1745":"'","1746":"]","1747":")","1748":",","1749":"\\","1750":"n","1751":" ","1752":" ","1753":" ","1754":" ","1755":"g","1756":"e","1757":"n","1758":"e","1759":"r","1760":"a","1761":"t","1762":"e","1763":"P","1764":"a","1765":"s","1766":"s","1767":"w","1768":"o","1769":"r","1770":"d","1771":"B","1772":"u","1773":"t","1774":"t","1775":"o","1776":"n","1777":"C","1778":"l","1779":"i","1780":"c","1781":"k","1782":"H","1783":"a","1784":"n","1785":"d","1786":"l","1787":"e","1788":"r","1789":"(","1790":")","1791":" ","1792":"{","1793":"\\","1794":"n","1795":" ","1796":" ","1797":" ","1798":" ","1799":" ","1800":" ","1801":"c","1802":"o","1803":"n","1804":"s","1805":"t","1806":" ","1807":"n","1808":"e","1809":"w","1810":"P","1811":"a","1812":"s","1813":"s","1814":"w","1815":"o","1816":"r","1817":"d","1818":" ","1819":"=","1820":" ","1821":"t","1822":"h","1823":"i","1824":"s","1825":".","1826":"g","1827":"e","1828":"n","1829":"e","1830":"r","1831":"a","1832":"t","1833":"e","1834":"P","1835":"a","1836":"s","1837":"s","1838":"w","1839":"o","1840":"r","1841":"d","1842":"(","1843":"d","1844":"e","1845":"f","1846":"a","1847":"u","1848":"l","1849":"t","1850":"P","1851":"a","1852":"s","1853":"s","1854":"w","1855":"o","1856":"r","1857":"d","1858":"L","1859":"e","1860":"n","1861":"g","1862":"t","1863":"h","1864":")","1865":"\\","1866":"n","1867":" ","1868":" ","1869":" ","1870":" ","1871":" ","1872":" ","1873":"t","1874":"h","1875":"i","1876":"s","1877":".","1878":"s","1879":"e","1880":"t","1881":"P","1882":"a","1883":"s","1884":"s","1885":"w","1886":"o","1887":"r","1888":"d","1889":"(","1890":"n","1891":"e","1892":"w","1893":"P","1894":"a","1895":"s","1896":"s","1897":"w","1898":"o","1899":"r","1900":"d","1901":")","1902":"\\","1903":"n","1904":" ","1905":" ","1906":" ","1907":" ","1908":"}","1909":",","1910":"\\","1911":"n","1912":" ","1913":" ","1914":" ","1915":" ","1916":"g","1917":"e","1918":"n","1919":"e","1920":"r","1921":"a","1922":"t","1923":"e","1924":"P","1925":"a","1926":"s","1927":"s","1928":"w","1929":"o","1930":"r","1931":"d","1932":"(","1933":"l","1934":"e","1935":"n","1936":"g","1937":"t","1938":"h","1939":":","1940":" ","1941":"n","1942":"u","1943":"m","1944":"b","1945":"e","1946":"r","1947":")","1948":":","1949":" ","1950":"s","1951":"t","1952":"r","1953":"i","1954":"n","1955":"g","1956":" ","1957":"{","1958":"\\","1959":"n","1960":" ","1961":" ","1962":" ","1963":" ","1964":" ","1965":" ","1966":"l","1967":"e","1968":"t","1969":" ","1970":"r","1971":"e","1972":"s","1973":"u","1974":"l","1975":"t","1976":" ","1977":"=","1978":" ","1979":"'","1980":"'","1981":"\\","1982":"n","1983":"\\","1984":"n","1985":" ","1986":" ","1987":" ","1988":" ","1989":" ","1990":" ","1991":"f","1992":"o","1993":"r","1994":" ","1995":"(","1996":"l","1997":"e","1998":"t","1999":" ","2000":"i","2001":" ","2002":"=","2003":" ","2004":"0","2005":";","2006":" ","2007":"i","2008":" ","2009":"<","2010":" ","2011":"l","2012":"e","2013":"n","2014":"g","2015":"t","2016":"h","2017":";","2018":" ","2019":"i","2020":"+","2021":"+","2022":")","2023":" ","2024":"{","2025":"\\","2026":"n","2027":" ","2028":" ","2029":" ","2030":" ","2031":" ","2032":" ","2033":" ","2034":" ","2035":"r","2036":"e","2037":"s","2038":"u","2039":"l","2040":"t","2041":" ","2042":"+","2043":"=","2044":" ","2045":"M","2046":"a","2047":"t","2048":"h","2049":".","2050":"r","2051":"a","2052":"n","2053":"d","2054":"o","2055":"m","2056":"(","2057":")","2058":".","2059":"t","2060":"o","2061":"S","2062":"t","2063":"r","2064":"i","2065":"n","2066":"g","2067":"(","2068":"3","2069":"6","2070":")","2071":".","2072":"s","2073":"l","2074":"i","2075":"c","2076":"e","2077":"(","2078":"2","2079":",","2080":" ","2081":"3","2082":")","2083":"\\","2084":"n","2085":" ","2086":" ","2087":" ","2088":" ","2089":" ","2090":" ","2091":"}","2092":"\\","2093":"n","2094":"\\","2095":"n","2096":" ","2097":" ","2098":" ","2099":" ","2100":" ","2101":" ","2102":"r","2103":"e","2104":"t","2105":"u","2106":"r","2107":"n","2108":" ","2109":"r","2110":"e","2111":"s","2112":"u","2113":"l","2114":"t","2115":"\\","2116":"n","2117":" ","2118":" ","2119":" ","2120":" ","2121":"}","2122":"\\","2123":"n","2124":" ","2125":" ","2126":"}","2127":"\\","2128":"n","2129":"}","2130":")","2131":"\\","2132":"n","2133":"\\","2134":"n","2135":"e","2136":"x","2137":"p","2138":"o","2139":"r","2140":"t","2141":" ","2142":"d","2143":"e","2144":"f","2145":"a","2146":"u","2147":"l","2148":"t","2149":" ","2150":"c","2151":"l","2152":"a","2153":"s","2154":"s","2155":" ","2156":"A","2157":"p","2158":"p","2159":" ","2160":"e","2161":"x","2162":"t","2163":"e","2164":"n","2165":"d","2166":"s","2167":" ","2168":"V","2169":"u","2170":"e","2171":" ","2172":"{","2173":"\\","2174":"n","2175":" ","2176":" ","2177":"g","2178":"e","2179":"n","2180":"e","2181":"r","2182":"e","2183":"a","2184":"t","2185":"e","2186":"P","2187":"a","2188":"s","2189":"s","2190":"w","2191":"o","2192":"r","2193":"d","2194":"B","2195":"u","2196":"t","2197":"t","2198":"o","2199":"n","2200":"T","2201":"e","2202":"x","2203":"t","2204":"!","2205":":","2206":" ","2207":"s","2208":"t","2209":"r","2210":"i","2211":"n","2212":"g","2213":"\\","2214":"n","2215":" ","2216":" ","2217":"g","2218":"e","2219":"n","2220":"e","2221":"r","2222":"a","2223":"t","2224":"e","2225":"P","2226":"a","2227":"s","2228":"s","2229":"w","2230":"o","2231":"r","2232":"d","2233":"B","2234":"u","2235":"t","2236":"t","2237":"o","2238":"n","2239":"C","2240":"l","2241":"i","2242":"c","2243":"k","2244":"H","2245":"a","2246":"n","2247":"d","2248":"l","2249":"e","2250":"r","2251":"!","2252":":","2253":" ","2254":"(","2255":")","2256":" ","2257":"=","2258":">","2259":" ","2260":"v","2261":"o","2262":"i","2263":"d","2264":"\\","2265":"n","2266":"}","2267":"\\","2268":"n","2269":"<","2270":"/","2271":"s","2272":"c","2273":"r","2274":"i","2275":"p","2276":"t","2277":">","2278":"\\","2279":"n","2280":"\"","2281":"]","2282":"}"},"_coverageSchema":"1a1c01bbd47fc00a2c39e90264f33305004495a9","hash":"bbb259f2d52c5601680e35d782afd865b6387466"}
,"E:\\learning\\projects\\password-generator-vue\\src\\components\\Result\\Result.vue": {"path":"E:\\learning\\projects\\password-generator-vue\\src\\components\\Result\\Result.vue","statementMap":{"0":{"start":{"line":5,"column":16},"end":{"line":24,"column":3}},"1":{"start":{"line":6,"column":22},"end":{"line":15,"column":3}},"2":{"start":{"line":7,"column":4},"end":{"line":13,"column":6}},"3":{"start":{"line":10,"column":6},"end":{"line":10,"column":22}},"4":{"start":{"line":12,"column":6},"end":{"line":12,"column":83}},"5":{"start":{"line":12,"column":23},"end":{"line":12,"column":83}},"6":{"start":{"line":12,"column":71},"end":{"line":12,"column":83}},"7":{"start":{"line":14,"column":4},"end":{"line":14,"column":31}},"8":{"start":{"line":16,"column":2},"end":{"line":23,"column":4}},"9":{"start":{"line":17,"column":4},"end":{"line":17,"column":137}},"10":{"start":{"line":17,"column":47},"end":{"line":17,"column":137}},"11":{"start":{"line":18,"column":4},"end":{"line":18,"column":24}},"12":{"start":{"line":20,"column":6},"end":{"line":20,"column":27}},"13":{"start":{"line":22,"column":4},"end":{"line":22,"column":89}},"14":{"start":{"line":25,"column":15},"end":{"line":34,"column":1}},"15":{"start":{"line":26,"column":2},"end":{"line":32,"column":4}},"16":{"start":{"line":27,"column":4},"end":{"line":30,"column":5}},"17":{"start":{"line":27,"column":20},"end":{"line":27,"column":21}},"18":{"start":{"line":27,"column":27},"end":{"line":27,"column":43}},"19":{"start":{"line":28,"column":6},"end":{"line":28,"column":23}},"20":{"start":{"line":29,"column":6},"end":{"line":29,"column":83}},"21":{"start":{"line":29,"column":23},"end":{"line":29,"column":83}},"22":{"start":{"line":29,"column":71},"end":{"line":29,"column":83}},"23":{"start":{"line":31,"column":4},"end":{"line":31,"column":13}},"24":{"start":{"line":33,"column":2},"end":{"line":33,"column":41}},"25":{"start":{"line":35,"column":17},"end":{"line":41,"column":1}},"26":{"start":{"line":36,"column":10},"end":{"line":36,"column":26}},"27":{"start":{"line":37,"column":8},"end":{"line":37,"column":99}},"28":{"start":{"line":39,"column":2},"end":{"line":39,"column":275}},"29":{"start":{"line":39,"column":77},"end":{"line":39,"column":129}},"30":{"start":{"line":39,"column":134},"end":{"line":39,"column":275}},"31":{"start":{"line":39,"column":147},"end":{"line":39,"column":168}},"32":{"start":{"line":39,"column":183},"end":{"line":39,"column":275}},"33":{"start":{"line":39,"column":206},"end":{"line":39,"column":275}},"34":{"start":{"line":40,"column":2},"end":{"line":40,"column":64}},"35":{"start":{"line":42,"column":22},"end":{"line":46,"column":1}},"36":{"start":{"line":43,"column":2},"end":{"line":45,"column":4}},"37":{"start":{"line":47,"column":0},"end":{"line":49,"column":3}},"38":{"start":{"line":50,"column":28},"end":{"line":50,"column":58}},"39":{"start":{"line":51,"column":13},"end":{"line":51,"column":28}},"40":{"start":{"line":52,"column":18},"end":{"line":52,"column":81}},"41":{"start":{"line":53,"column":26},"end":{"line":75,"column":28}},"42":{"start":{"line":54,"column":2},"end":{"line":54,"column":28}},"43":{"start":{"line":56,"column":16},"end":{"line":56,"column":72}},"44":{"start":{"line":57,"column":4},"end":{"line":62,"column":7}},"45":{"start":{"line":63,"column":4},"end":{"line":63,"column":17}},"46":{"start":{"line":65,"column":2},"end":{"line":73,"column":15}},"47":{"start":{"line":74,"column":2},"end":{"line":74,"column":16}},"48":{"start":{"line":76,"column":0},"end":{"line":76,"column":25}},"49":{"start":{"line":77,"column":0},"end":{"line":77,"column":13}},"50":{"start":{"line":78,"column":0},"end":{"line":78,"column":62}},"51":{"start":{"line":79,"column":0},"end":{"line":79,"column":24}},"52":{"start":{"line":80,"column":12},"end":{"line":80,"column":26}},"53":{"start":{"line":82,"column":27},"end":{"line":82,"column":63}},"54":{"start":{"line":83,"column":4},"end":{"line":86,"column":40}},"55":{"start":{"line":88,"column":0},"end":{"line":88,"column":24}},"56":{"start":{"line":90,"column":7},"end":{"line":93,"column":6}},"57":{"start":{"line":93,"column":7},"end":{"line":93,"column":54}}},"fnMap":{"0":{"name":"(anonymous_0)","decl":{"start":{"line":5,"column":42},"end":{"line":5,"column":43}},"loc":{"start":{"line":5,"column":54},"end":{"line":24,"column":1}},"line":5},"1":{"name":"(anonymous_1)","decl":{"start":{"line":6,"column":22},"end":{"line":6,"column":23}},"loc":{"start":{"line":6,"column":38},"end":{"line":15,"column":3}},"line":6},"2":{"name":"(anonymous_2)","decl":{"start":{"line":9,"column":26},"end":{"line":9,"column":27}},"loc":{"start":{"line":9,"column":42},"end":{"line":11,"column":5}},"line":9},"3":{"name":"(anonymous_3)","decl":{"start":{"line":11,"column":9},"end":{"line":11,"column":10}},"loc":{"start":{"line":11,"column":25},"end":{"line":13,"column":5}},"line":11},"4":{"name":"(anonymous_4)","decl":{"start":{"line":16,"column":9},"end":{"line":16,"column":10}},"loc":{"start":{"line":16,"column":25},"end":{"line":23,"column":3}},"line":16},"5":{"name":"__","decl":{"start":{"line":19,"column":13},"end":{"line":19,"column":15}},"loc":{"start":{"line":19,"column":18},"end":{"line":21,"column":5}},"line":19},"6":{"name":"(anonymous_6)","decl":{"start":{"line":25,"column":40},"end":{"line":25,"column":41}},"loc":{"start":{"line":25,"column":52},"end":{"line":34,"column":1}},"line":25},"7":{"name":"(anonymous_7)","decl":{"start":{"line":26,"column":30},"end":{"line":26,"column":31}},"loc":{"start":{"line":26,"column":43},"end":{"line":32,"column":3}},"line":26},"8":{"name":"(anonymous_8)","decl":{"start":{"line":35,"column":44},"end":{"line":35,"column":45}},"loc":{"start":{"line":35,"column":85},"end":{"line":41,"column":1}},"line":35},"9":{"name":"(anonymous_9)","decl":{"start":{"line":42,"column":54},"end":{"line":42,"column":55}},"loc":{"start":{"line":42,"column":69},"end":{"line":46,"column":1}},"line":42},"10":{"name":"(anonymous_10)","decl":{"start":{"line":53,"column":26},"end":{"line":53,"column":27}},"loc":{"start":{"line":53,"column":44},"end":{"line":75,"column":1}},"line":53},"11":{"name":"Result","decl":{"start":{"line":55,"column":11},"end":{"line":55,"column":17}},"loc":{"start":{"line":55,"column":20},"end":{"line":64,"column":3}},"line":55},"12":{"name":"render","decl":{"start":{"line":81,"column":9},"end":{"line":81,"column":15}},"loc":{"start":{"line":81,"column":30},"end":{"line":87,"column":1}},"line":81}},"branchMap":{"0":{"loc":{"start":{"line":5,"column":16},"end":{"line":24,"column":3}},"type":"binary-expr","locations":[{"start":{"line":5,"column":16},"end":{"line":5,"column":20}},{"start":{"line":5,"column":24},"end":{"line":5,"column":38}},{"start":{"line":5,"column":42},"end":{"line":24,"column":3}}],"line":5},"1":{"loc":{"start":{"line":7,"column":20},"end":{"line":13,"column":5}},"type":"binary-expr","locations":[{"start":{"line":7,"column":20},"end":{"line":7,"column":41}},{"start":{"line":7,"column":45},"end":{"line":9,"column":22}},{"start":{"line":9,"column":26},"end":{"line":11,"column":5}},{"start":{"line":11,"column":9},"end":{"line":13,"column":5}}],"line":7},"2":{"loc":{"start":{"line":12,"column":23},"end":{"line":12,"column":83}},"type":"if","locations":[{"start":{"line":12,"column":23},"end":{"line":12,"column":83}},{"start":{},"end":{}}],"line":12},"3":{"loc":{"start":{"line":17,"column":4},"end":{"line":17,"column":137}},"type":"if","locations":[{"start":{"line":17,"column":4},"end":{"line":17,"column":137}},{"start":{},"end":{}}],"line":17},"4":{"loc":{"start":{"line":17,"column":8},"end":{"line":17,"column":45}},"type":"binary-expr","locations":[{"start":{"line":17,"column":8},"end":{"line":17,"column":31}},{"start":{"line":17,"column":35},"end":{"line":17,"column":45}}],"line":17},"5":{"loc":{"start":{"line":22,"column":18},"end":{"line":22,"column":88}},"type":"cond-expr","locations":[{"start":{"line":22,"column":31},"end":{"line":22,"column":47}},{"start":{"line":22,"column":51},"end":{"line":22,"column":87}}],"line":22},"6":{"loc":{"start":{"line":25,"column":15},"end":{"line":34,"column":1}},"type":"binary-expr","locations":[{"start":{"line":25,"column":15},"end":{"line":25,"column":19}},{"start":{"line":25,"column":23},"end":{"line":25,"column":36}},{"start":{"line":25,"column":40},"end":{"line":34,"column":1}}],"line":25},"7":{"loc":{"start":{"line":26,"column":13},"end":{"line":32,"column":3}},"type":"binary-expr","locations":[{"start":{"line":26,"column":13},"end":{"line":26,"column":26}},{"start":{"line":26,"column":30},"end":{"line":32,"column":3}}],"line":26},"8":{"loc":{"start":{"line":29,"column":23},"end":{"line":29,"column":83}},"type":"if","locations":[{"start":{"line":29,"column":23},"end":{"line":29,"column":83}},{"start":{},"end":{}}],"line":29},"9":{"loc":{"start":{"line":35,"column":17},"end":{"line":41,"column":1}},"type":"binary-expr","locations":[{"start":{"line":35,"column":17},"end":{"line":35,"column":21}},{"start":{"line":35,"column":25},"end":{"line":35,"column":40}},{"start":{"line":35,"column":44},"end":{"line":41,"column":1}}],"line":35},"10":{"loc":{"start":{"line":37,"column":8},"end":{"line":37,"column":99}},"type":"cond-expr","locations":[{"start":{"line":37,"column":16},"end":{"line":37,"column":22}},{"start":{"line":37,"column":25},"end":{"line":37,"column":99}}],"line":37},"11":{"loc":{"start":{"line":37,"column":25},"end":{"line":37,"column":99}},"type":"cond-expr","locations":[{"start":{"line":37,"column":41},"end":{"line":37,"column":92}},{"start":{"line":37,"column":95},"end":{"line":37,"column":99}}],"line":37},"12":{"loc":{"start":{"line":39,"column":2},"end":{"line":39,"column":275}},"type":"if","locations":[{"start":{"line":39,"column":2},"end":{"line":39,"column":275}},{"start":{"line":39,"column":134},"end":{"line":39,"column":275}}],"line":39},"13":{"loc":{"start":{"line":39,"column":6},"end":{"line":39,"column":75}},"type":"binary-expr","locations":[{"start":{"line":39,"column":6},"end":{"line":39,"column":33}},{"start":{"line":39,"column":37},"end":{"line":39,"column":75}}],"line":39},"14":{"loc":{"start":{"line":39,"column":183},"end":{"line":39,"column":275}},"type":"if","locations":[{"start":{"line":39,"column":183},"end":{"line":39,"column":275}},{"start":{},"end":{}}],"line":39},"15":{"loc":{"start":{"line":39,"column":210},"end":{"line":39,"column":274}},"type":"binary-expr","locations":[{"start":{"line":39,"column":211},"end":{"line":39,"column":268}},{"start":{"line":39,"column":273},"end":{"line":39,"column":274}}],"line":39},"16":{"loc":{"start":{"line":39,"column":211},"end":{"line":39,"column":268}},"type":"cond-expr","locations":[{"start":{"line":39,"column":219},"end":{"line":39,"column":223}},{"start":{"line":39,"column":226},"end":{"line":39,"column":268}}],"line":39},"17":{"loc":{"start":{"line":39,"column":226},"end":{"line":39,"column":268}},"type":"cond-expr","locations":[{"start":{"line":39,"column":234},"end":{"line":39,"column":251}},{"start":{"line":39,"column":254},"end":{"line":39,"column":268}}],"line":39},"18":{"loc":{"start":{"line":40,"column":9},"end":{"line":40,"column":60}},"type":"binary-expr","locations":[{"start":{"line":40,"column":9},"end":{"line":40,"column":14}},{"start":{"line":40,"column":18},"end":{"line":40,"column":19}},{"start":{"line":40,"column":23},"end":{"line":40,"column":60}}],"line":40},"19":{"loc":{"start":{"line":42,"column":22},"end":{"line":46,"column":1}},"type":"binary-expr","locations":[{"start":{"line":42,"column":22},"end":{"line":42,"column":26}},{"start":{"line":42,"column":30},"end":{"line":42,"column":50}},{"start":{"line":42,"column":54},"end":{"line":46,"column":1}}],"line":42},"20":{"loc":{"start":{"line":43,"column":9},"end":{"line":45,"column":3}},"type":"cond-expr","locations":[{"start":{"line":43,"column":33},"end":{"line":43,"column":36}},{"start":{"line":43,"column":39},"end":{"line":45,"column":3}}],"line":43},"21":{"loc":{"start":{"line":43,"column":9},"end":{"line":43,"column":30}},"type":"binary-expr","locations":[{"start":{"line":43,"column":9},"end":{"line":43,"column":12}},{"start":{"line":43,"column":16},"end":{"line":43,"column":30}}],"line":43},"22":{"loc":{"start":{"line":56,"column":16},"end":{"line":56,"column":72}},"type":"binary-expr","locations":[{"start":{"line":56,"column":16},"end":{"line":56,"column":31}},{"start":{"line":56,"column":35},"end":{"line":56,"column":64}},{"start":{"line":56,"column":68},"end":{"line":56,"column":72}}],"line":56}},"s":{"0":1,"1":1,"2":1,"3":0,"4":0,"5":0,"6":0,"7":1,"8":1,"9":1,"10":0,"11":1,"12":1,"13":1,"14":1,"15":1,"16":0,"17":0,"18":0,"19":0,"20":0,"21":0,"22":0,"23":0,"24":1,"25":1,"26":1,"27":1,"28":1,"29":0,"30":1,"31":1,"32":1,"33":1,"34":1,"35":1,"36":1,"37":1,"38":1,"39":1,"40":1,"41":1,"42":1,"43":3,"44":3,"45":3,"46":1,"47":1,"48":1,"49":1,"50":1,"51":1,"52":1,"53":3,"54":3,"55":1,"56":1,"57":1},"f":{"0":1,"1":1,"2":0,"3":0,"4":1,"5":1,"6":1,"7":0,"8":1,"9":1,"10":1,"11":3,"12":3},"b":{"0":[1,1,1],"1":[1,0,0,0],"2":[0,0],"3":[0,1],"4":[1,0],"5":[0,1],"6":[1,1,1],"7":[1,0],"8":[0,0],"9":[1,1,1],"10":[1,0],"11":[0,0],"12":[0,1],"13":[1,1],"14":[1,0],"15":[1,0],"16":[1,0],"17":[0,0],"18":[1,0,0],"19":[1,1,1],"20":[1,0],"21":[1,1],"22":[3,3,3]},"inputSourceMap":{"0":"{","1":"\"","2":"v","3":"e","4":"r","5":"s","6":"i","7":"o","8":"n","9":"\"","10":":","11":"3","12":",","13":"\"","14":"s","15":"o","16":"u","17":"r","18":"c","19":"e","20":"s","21":"\"","22":":","23":"[","24":"\"","25":"E","26":":","27":"\\","28":"\\","29":"l","30":"e","31":"a","32":"r","33":"n","34":"i","35":"n","36":"g","37":"\\","38":"\\","39":"p","40":"r","41":"o","42":"j","43":"e","44":"c","45":"t","46":"s","47":"\\","48":"\\","49":"p","50":"a","51":"s","52":"s","53":"w","54":"o","55":"r","56":"d","57":"-","58":"g","59":"e","60":"n","61":"e","62":"r","63":"a","64":"t","65":"o","66":"r","67":"-","68":"v","69":"u","70":"e","71":"\\","72":"\\","73":"s","74":"r","75":"c","76":"\\","77":"\\","78":"c","79":"o","80":"m","81":"p","82":"o","83":"n","84":"e","85":"n","86":"t","87":"s","88":"\\","89":"\\","90":"R","91":"e","92":"s","93":"u","94":"l","95":"t","96":"\\","97":"\\","98":"R","99":"e","100":"s","101":"u","102":"l","103":"t","104":".","105":"v","106":"u","107":"e","108":"\"","109":"]","110":",","111":"\"","112":"n","113":"a","114":"m","115":"e","116":"s","117":"\"","118":":","119":"[","120":"]","121":",","122":"\"","123":"m","124":"a","125":"p","126":"p","127":"i","128":"n","129":"g","130":"s","131":"\"","132":":","133":"\"","134":";","135":";","136":";","137":";","138":";","139":";","140":";","141":";","142":";","143":";","144":";","145":";","146":";","147":";","148":";","149":";","150":";","151":";","152":";","153":";","154":";","155":";","156":";","157":";","158":";","159":";","160":";","161":";","162":";","163":";","164":";","165":";","166":";","167":";","168":";","169":";","170":";","171":";","172":";","173":";","174":";","175":";","176":";","177":";","178":";","179":";","180":";","181":";","182":";","183":"A","184":"A","185":"K","186":"A","187":";","188":"A","189":"A","190":"C","191":"A","192":";","193":"A","194":"A","195":"E","196":"A","197":";","198":"A","199":"A","200":"a","201":"A","202":";","203":"E","204":"A","205":"A","206":"o","207":"C","208":";","209":"E","210":"A","211":"A","212":"p","213":"C","214":";","215":"I","216":"A","217":"A","218":"A","219":";","220":"I","221":"A","222":"C","223":"E","224":";","225":";","226":";","227":";","228":";","229":";","230":";","231":"E","232":"A","233":"C","234":"F","235":";","236":"E","237":"A","238":"F","239":"q","240":"B","241":",","242":"M","243":"A","244":"A","245":"M","246":",","247":"e","248":"A","249":"X","250":"1","251":"B","252":",","253":"i","254":"C","255":"A","256":"A","257":"O","258":",","259":"E","260":"A","261":"A","262":"C","263":";","264":"I","265":"A","266":"C","267":"P","268":",","269":"U","270":"A","271":"A","272":"U","273":",","274":"E","275":"A","276":"A","277":"E","278":";","279":"M","280":"A","281":"C","282":"V","283":",","284":"K","285":"A","286":"A","287":"K","288":";","289":"K","290":"A","291":"C","292":"N","293":";","294":"I","295":"A","296":"C","297":"D","298":",","299":"K","300":"A","301":"A","302":"K","303":",","304":"E","305":"A","306":"A","307":"E","308":";","309":"M","310":"A","311":"C","312":"L","313":",","314":"G","315":"A","316":"A","317":"G","318":",","319":"E","320":"A","321":"A","322":"E","323":";","324":"K","325":"A","326":"C","327":"N","328":";","329":"I","330":"A","331":"C","332":"D","333":",","334":"Q","335":"A","336":"A","337":"Q","338":",","339":"e","340":"A","341":"C","342":"H","343":",","344":"m","345":"B","346":"A","347":"A","348":"Q","349":",","350":"E","351":"A","352":"A","353":"C","354":",","355":"C","356":"A","357":"A","358":"C","359":",","360":"U","361":"A","362":"A","363":"U","364":",","365":"C","366":"A","367":"A","368":"C","369":",","370":"C","371":"A","372":"A","373":"C","374":";","375":"G","376":"A","377":"E","378":"5","379":"B","380":",","381":"C","382":"A","383":"A","384":"C","385":",","386":"G","387":"A","388":"C","389":"m","390":"B","391":",","392":"M","393":"A","394":"A","395":"M","396":",","397":"C","398":"A","399":"E","400":"1","401":"B","402":";","403":"E","404":"A","405":"A","406":"D","407":",","408":"a","409":"A","410":"A","411":"C","412":";","413":"C","414":"A","415":"A","416":"A","417":",","418":"C","419":"A","420":"F","421":"m","422":"C","423":",","424":"y","425":"B","426":"A","427":"A","428":"G","429":";","430":"k","431":"B","432":"A","433":"A","434":"l","435":"B","436":",","437":"M","438":"A","439":"A","440":"M","441":"\"","442":",","443":"\"","444":"f","445":"i","446":"l","447":"e","448":"\"","449":":","450":"\"","451":"E","452":":","453":"\\","454":"\\","455":"l","456":"e","457":"a","458":"r","459":"n","460":"i","461":"n","462":"g","463":"\\","464":"\\","465":"p","466":"r","467":"o","468":"j","469":"e","470":"c","471":"t","472":"s","473":"\\","474":"\\","475":"p","476":"a","477":"s","478":"s","479":"w","480":"o","481":"r","482":"d","483":"-","484":"g","485":"e","486":"n","487":"e","488":"r","489":"a","490":"t","491":"o","492":"r","493":"-","494":"v","495":"u","496":"e","497":"\\","498":"\\","499":"s","500":"r","501":"c","502":"\\","503":"\\","504":"c","505":"o","506":"m","507":"p","508":"o","509":"n","510":"e","511":"n","512":"t","513":"s","514":"\\","515":"\\","516":"R","517":"e","518":"s","519":"u","520":"l","521":"t","522":"\\","523":"\\","524":"R","525":"e","526":"s","527":"u","528":"l","529":"t","530":".","531":"v","532":"u","533":"e","534":"\"","535":",","536":"\"","537":"s","538":"o","539":"u","540":"r","541":"c","542":"e","543":"s","544":"C","545":"o","546":"n","547":"t","548":"e","549":"n","550":"t","551":"\"","552":":","553":"[","554":"\"","555":"<","556":"t","557":"e","558":"m","559":"p","560":"l","561":"a","562":"t","563":"e","564":">","565":"\\","566":"n","567":" ","568":" ","569":"<","570":"I","571":"n","572":"p","573":"u","574":"t","575":" ","576":":","577":"v","578":"a","579":"l","580":"u","581":"e","582":"=","583":"\\","584":"\"","585":"p","586":"a","587":"s","588":"s","589":"w","590":"o","591":"r","592":"d","593":".","594":"v","595":"a","596":"l","597":"u","598":"e","599":"\\","600":"\"","601":" ","602":"r","603":"e","604":"a","605":"d","606":"o","607":"n","608":"l","609":"y","610":"/","611":">","612":"\\","613":"n","614":"<","615":"/","616":"t","617":"e","618":"m","619":"p","620":"l","621":"a","622":"t","623":"e","624":">","625":"\\","626":"n","627":"\\","628":"n","629":"<","630":"s","631":"c","632":"r","633":"i","634":"p","635":"t","636":" ","637":"l","638":"a","639":"n","640":"g","641":"=","642":"\\","643":"\"","644":"t","645":"s","646":"\\","647":"\"","648":">","649":"\\","650":"n","651":"i","652":"m","653":"p","654":"o","655":"r","656":"t","657":" ","658":"{","659":" ","660":"O","661":"p","662":"t","663":"i","664":"o","665":"n","666":"s","667":",","668":" ","669":"V","670":"u","671":"e","672":" ","673":"}","674":" ","675":"f","676":"r","677":"o","678":"m","679":" ","680":"'","681":"v","682":"u","683":"e","684":"-","685":"c","686":"l","687":"a","688":"s","689":"s","690":"-","691":"c","692":"o","693":"m","694":"p","695":"o","696":"n","697":"e","698":"n","699":"t","700":"'","701":";","702":"\\","703":"n","704":"i","705":"m","706":"p","707":"o","708":"r","709":"t","710":" ","711":"{","712":" ","713":"m","714":"a","715":"p","716":"S","717":"t","718":"a","719":"t","720":"e","721":" ","722":"}","723":" ","724":"f","725":"r","726":"o","727":"m","728":" ","729":"'","730":"v","731":"u","732":"e","733":"x","734":"'","735":";","736":"\\","737":"n","738":"i","739":"m","740":"p","741":"o","742":"r","743":"t","744":" ","745":"{","746":" ","747":"P","748":"a","749":"s","750":"s","751":"w","752":"o","753":"r","754":"d","755":"T","756":"y","757":"p","758":"e","759":" ","760":"}","761":" ","762":"f","763":"r","764":"o","765":"m","766":" ","767":"'","768":"@","769":"/","770":"t","771":"y","772":"p","773":"e","774":"s","775":"'","776":"\\","777":"n","778":"i","779":"m","780":"p","781":"o","782":"r","783":"t","784":" ","785":"I","786":"n","787":"p","788":"u","789":"t","790":" ","791":"f","792":"r","793":"o","794":"m","795":" ","796":"'","797":"@","798":"/","799":"c","800":"o","801":"m","802":"p","803":"o","804":"n","805":"e","806":"n","807":"t","808":"s","809":"/","810":"c","811":"o","812":"m","813":"m","814":"o","815":"n","816":"/","817":"I","818":"n","819":"p","820":"u","821":"t","822":"/","823":"I","824":"n","825":"p","826":"u","827":"t","828":".","829":"v","830":"u","831":"e","832":"'","833":"\\","834":"n","835":"\\","836":"n","837":"@","838":"O","839":"p","840":"t","841":"i","842":"o","843":"n","844":"s","845":"(","846":"{","847":"\\","848":"n","849":" ","850":" ","851":"c","852":"o","853":"m","854":"p","855":"o","856":"n","857":"e","858":"n","859":"t","860":"s","861":":","862":" ","863":"{","864":"\\","865":"n","866":" ","867":" ","868":" ","869":" ","870":"I","871":"n","872":"p","873":"u","874":"t","875":",","876":"\\","877":"n","878":" ","879":" ","880":"}","881":",","882":"\\","883":"n","884":" ","885":" ","886":"p","887":"r","888":"o","889":"p","890":"s","891":":","892":" ","893":"{","894":"\\","895":"n","896":" ","897":" ","898":" ","899":" ","900":"m","901":"s","902":"g","903":":","904":" ","905":"S","906":"t","907":"r","908":"i","909":"n","910":"g","911":"\\","912":"n","913":" ","914":" ","915":"}","916":",","917":"\\","918":"n","919":" ","920":" ","921":"c","922":"o","923":"m","924":"p","925":"u","926":"t","927":"e","928":"d","929":":","930":" ","931":"{","932":"\\","933":"n","934":" ","935":" ","936":" ","937":" ","938":".","939":".","940":".","941":"m","942":"a","943":"p","944":"S","945":"t","946":"a","947":"t","948":"e","949":"(","950":"[","951":"'","952":"p","953":"a","954":"s","955":"s","956":"w","957":"o","958":"r","959":"d","960":"'","961":"]","962":")","963":"\\","964":"n","965":" ","966":" ","967":"}","968":"\\","969":"n","970":"}","971":")","972":"\\","973":"n","974":"e","975":"x","976":"p","977":"o","978":"r","979":"t","980":" ","981":"d","982":"e","983":"f","984":"a","985":"u","986":"l","987":"t","988":" ","989":"c","990":"l","991":"a","992":"s","993":"s","994":" ","995":"R","996":"e","997":"s","998":"u","999":"l","1000":"t","1001":" ","1002":"e","1003":"x","1004":"t","1005":"e","1006":"n","1007":"d","1008":"s","1009":" ","1010":"V","1011":"u","1012":"e","1013":" ","1014":"{","1015":"\\","1016":"n","1017":" ","1018":" ","1019":"p","1020":"a","1021":"s","1022":"s","1023":"w","1024":"o","1025":"r","1026":"d","1027":"!","1028":":","1029":" ","1030":"P","1031":"a","1032":"s","1033":"s","1034":"w","1035":"o","1036":"r","1037":"d","1038":"T","1039":"y","1040":"p","1041":"e","1042":"\\","1043":"n","1044":"}","1045":"\\","1046":"n","1047":"<","1048":"/","1049":"s","1050":"c","1051":"r","1052":"i","1053":"p","1054":"t","1055":">","1056":"\\","1057":"n","1058":"\"","1059":"]","1060":"}"},"_coverageSchema":"1a1c01bbd47fc00a2c39e90264f33305004495a9","hash":"e8625ab85eca030a1b11ab906dfb5e7f82a3da9c"}
,"E:\\learning\\projects\\password-generator-vue\\src\\components\\common\\Button\\Button.vue": {"path":"E:\\learning\\projects\\password-generator-vue\\src\\components\\common\\Button\\Button.vue","statementMap":{"0":{"start":{"line":5,"column":16},"end":{"line":24,"column":3}},"1":{"start":{"line":6,"column":22},"end":{"line":15,"column":3}},"2":{"start":{"line":7,"column":4},"end":{"line":13,"column":6}},"3":{"start":{"line":10,"column":6},"end":{"line":10,"column":22}},"4":{"start":{"line":12,"column":6},"end":{"line":12,"column":83}},"5":{"start":{"line":12,"column":23},"end":{"line":12,"column":83}},"6":{"start":{"line":12,"column":71},"end":{"line":12,"column":83}},"7":{"start":{"line":14,"column":4},"end":{"line":14,"column":31}},"8":{"start":{"line":16,"column":2},"end":{"line":23,"column":4}},"9":{"start":{"line":17,"column":4},"end":{"line":17,"column":137}},"10":{"start":{"line":17,"column":47},"end":{"line":17,"column":137}},"11":{"start":{"line":18,"column":4},"end":{"line":18,"column":24}},"12":{"start":{"line":20,"column":6},"end":{"line":20,"column":27}},"13":{"start":{"line":22,"column":4},"end":{"line":22,"column":89}},"14":{"start":{"line":25,"column":17},"end":{"line":31,"column":1}},"15":{"start":{"line":26,"column":10},"end":{"line":26,"column":26}},"16":{"start":{"line":27,"column":8},"end":{"line":27,"column":99}},"17":{"start":{"line":29,"column":2},"end":{"line":29,"column":275}},"18":{"start":{"line":29,"column":77},"end":{"line":29,"column":129}},"19":{"start":{"line":29,"column":134},"end":{"line":29,"column":275}},"20":{"start":{"line":29,"column":147},"end":{"line":29,"column":168}},"21":{"start":{"line":29,"column":183},"end":{"line":29,"column":275}},"22":{"start":{"line":29,"column":206},"end":{"line":29,"column":275}},"23":{"start":{"line":30,"column":2},"end":{"line":30,"column":64}},"24":{"start":{"line":32,"column":0},"end":{"line":34,"column":3}},"25":{"start":{"line":35,"column":28},"end":{"line":35,"column":58}},"26":{"start":{"line":36,"column":26},"end":{"line":65,"column":28}},"27":{"start":{"line":37,"column":2},"end":{"line":37,"column":28}},"28":{"start":{"line":39,"column":16},"end":{"line":39,"column":72}},"29":{"start":{"line":40,"column":4},"end":{"line":45,"column":7}},"30":{"start":{"line":46,"column":4},"end":{"line":51,"column":7}},"31":{"start":{"line":52,"column":4},"end":{"line":52,"column":17}},"32":{"start":{"line":54,"column":2},"end":{"line":63,"column":15}},"33":{"start":{"line":60,"column":8},"end":{"line":60,"column":25}},"34":{"start":{"line":64,"column":2},"end":{"line":64,"column":16}},"35":{"start":{"line":66,"column":0},"end":{"line":66,"column":25}},"36":{"start":{"line":67,"column":0},"end":{"line":67,"column":13}},"37":{"start":{"line":68,"column":0},"end":{"line":68,"column":62}},"38":{"start":{"line":69,"column":0},"end":{"line":69,"column":24}},"39":{"start":{"line":70,"column":12},"end":{"line":70,"column":26}},"40":{"start":{"line":72,"column":4},"end":{"line":85,"column":8}},"41":{"start":{"line":77,"column":27},"end":{"line":77,"column":29}},"42":{"start":{"line":78,"column":16},"end":{"line":80,"column":17}},"43":{"start":{"line":78,"column":30},"end":{"line":78,"column":31}},"44":{"start":{"line":79,"column":20},"end":{"line":79,"column":45}},"45":{"start":{"line":81,"column":16},"end":{"line":81,"column":82}},"46":{"start":{"line":87,"column":0},"end":{"line":87,"column":24}},"47":{"start":{"line":89,"column":7},"end":{"line":92,"column":6}},"48":{"start":{"line":92,"column":7},"end":{"line":92,"column":54}}},"fnMap":{"0":{"name":"(anonymous_0)","decl":{"start":{"line":5,"column":42},"end":{"line":5,"column":43}},"loc":{"start":{"line":5,"column":54},"end":{"line":24,"column":1}},"line":5},"1":{"name":"(anonymous_1)","decl":{"start":{"line":6,"column":22},"end":{"line":6,"column":23}},"loc":{"start":{"line":6,"column":38},"end":{"line":15,"column":3}},"line":6},"2":{"name":"(anonymous_2)","decl":{"start":{"line":9,"column":26},"end":{"line":9,"column":27}},"loc":{"start":{"line":9,"column":42},"end":{"line":11,"column":5}},"line":9},"3":{"name":"(anonymous_3)","decl":{"start":{"line":11,"column":9},"end":{"line":11,"column":10}},"loc":{"start":{"line":11,"column":25},"end":{"line":13,"column":5}},"line":11},"4":{"name":"(anonymous_4)","decl":{"start":{"line":16,"column":9},"end":{"line":16,"column":10}},"loc":{"start":{"line":16,"column":25},"end":{"line":23,"column":3}},"line":16},"5":{"name":"__","decl":{"start":{"line":19,"column":13},"end":{"line":19,"column":15}},"loc":{"start":{"line":19,"column":18},"end":{"line":21,"column":5}},"line":19},"6":{"name":"(anonymous_6)","decl":{"start":{"line":25,"column":44},"end":{"line":25,"column":45}},"loc":{"start":{"line":25,"column":85},"end":{"line":31,"column":1}},"line":25},"7":{"name":"(anonymous_7)","decl":{"start":{"line":36,"column":26},"end":{"line":36,"column":27}},"loc":{"start":{"line":36,"column":44},"end":{"line":65,"column":1}},"line":36},"8":{"name":"Button","decl":{"start":{"line":38,"column":11},"end":{"line":38,"column":17}},"loc":{"start":{"line":38,"column":20},"end":{"line":53,"column":3}},"line":38},"9":{"name":"(anonymous_9)","decl":{"start":{"line":59,"column":20},"end":{"line":59,"column":21}},"loc":{"start":{"line":59,"column":32},"end":{"line":61,"column":7}},"line":59},"10":{"name":"render","decl":{"start":{"line":71,"column":9},"end":{"line":71,"column":15}},"loc":{"start":{"line":71,"column":30},"end":{"line":86,"column":1}},"line":71},"11":{"name":"(anonymous_11)","decl":{"start":{"line":76,"column":12},"end":{"line":76,"column":13}},"loc":{"start":{"line":76,"column":24},"end":{"line":82,"column":13}},"line":76}},"branchMap":{"0":{"loc":{"start":{"line":5,"column":16},"end":{"line":24,"column":3}},"type":"binary-expr","locations":[{"start":{"line":5,"column":16},"end":{"line":5,"column":20}},{"start":{"line":5,"column":24},"end":{"line":5,"column":38}},{"start":{"line":5,"column":42},"end":{"line":24,"column":3}}],"line":5},"1":{"loc":{"start":{"line":7,"column":20},"end":{"line":13,"column":5}},"type":"binary-expr","locations":[{"start":{"line":7,"column":20},"end":{"line":7,"column":41}},{"start":{"line":7,"column":45},"end":{"line":9,"column":22}},{"start":{"line":9,"column":26},"end":{"line":11,"column":5}},{"start":{"line":11,"column":9},"end":{"line":13,"column":5}}],"line":7},"2":{"loc":{"start":{"line":12,"column":23},"end":{"line":12,"column":83}},"type":"if","locations":[{"start":{"line":12,"column":23},"end":{"line":12,"column":83}},{"start":{},"end":{}}],"line":12},"3":{"loc":{"start":{"line":17,"column":4},"end":{"line":17,"column":137}},"type":"if","locations":[{"start":{"line":17,"column":4},"end":{"line":17,"column":137}},{"start":{},"end":{}}],"line":17},"4":{"loc":{"start":{"line":17,"column":8},"end":{"line":17,"column":45}},"type":"binary-expr","locations":[{"start":{"line":17,"column":8},"end":{"line":17,"column":31}},{"start":{"line":17,"column":35},"end":{"line":17,"column":45}}],"line":17},"5":{"loc":{"start":{"line":22,"column":18},"end":{"line":22,"column":88}},"type":"cond-expr","locations":[{"start":{"line":22,"column":31},"end":{"line":22,"column":47}},{"start":{"line":22,"column":51},"end":{"line":22,"column":87}}],"line":22},"6":{"loc":{"start":{"line":25,"column":17},"end":{"line":31,"column":1}},"type":"binary-expr","locations":[{"start":{"line":25,"column":17},"end":{"line":25,"column":21}},{"start":{"line":25,"column":25},"end":{"line":25,"column":40}},{"start":{"line":25,"column":44},"end":{"line":31,"column":1}}],"line":25},"7":{"loc":{"start":{"line":27,"column":8},"end":{"line":27,"column":99}},"type":"cond-expr","locations":[{"start":{"line":27,"column":16},"end":{"line":27,"column":22}},{"start":{"line":27,"column":25},"end":{"line":27,"column":99}}],"line":27},"8":{"loc":{"start":{"line":27,"column":25},"end":{"line":27,"column":99}},"type":"cond-expr","locations":[{"start":{"line":27,"column":41},"end":{"line":27,"column":92}},{"start":{"line":27,"column":95},"end":{"line":27,"column":99}}],"line":27},"9":{"loc":{"start":{"line":29,"column":2},"end":{"line":29,"column":275}},"type":"if","locations":[{"start":{"line":29,"column":2},"end":{"line":29,"column":275}},{"start":{"line":29,"column":134},"end":{"line":29,"column":275}}],"line":29},"10":{"loc":{"start":{"line":29,"column":6},"end":{"line":29,"column":75}},"type":"binary-expr","locations":[{"start":{"line":29,"column":6},"end":{"line":29,"column":33}},{"start":{"line":29,"column":37},"end":{"line":29,"column":75}}],"line":29},"11":{"loc":{"start":{"line":29,"column":183},"end":{"line":29,"column":275}},"type":"if","locations":[{"start":{"line":29,"column":183},"end":{"line":29,"column":275}},{"start":{},"end":{}}],"line":29},"12":{"loc":{"start":{"line":29,"column":210},"end":{"line":29,"column":274}},"type":"binary-expr","locations":[{"start":{"line":29,"column":211},"end":{"line":29,"column":268}},{"start":{"line":29,"column":273},"end":{"line":29,"column":274}}],"line":29},"13":{"loc":{"start":{"line":29,"column":211},"end":{"line":29,"column":268}},"type":"cond-expr","locations":[{"start":{"line":29,"column":219},"end":{"line":29,"column":223}},{"start":{"line":29,"column":226},"end":{"line":29,"column":268}}],"line":29},"14":{"loc":{"start":{"line":29,"column":226},"end":{"line":29,"column":268}},"type":"cond-expr","locations":[{"start":{"line":29,"column":234},"end":{"line":29,"column":251}},{"start":{"line":29,"column":254},"end":{"line":29,"column":268}}],"line":29},"15":{"loc":{"start":{"line":30,"column":9},"end":{"line":30,"column":60}},"type":"binary-expr","locations":[{"start":{"line":30,"column":9},"end":{"line":30,"column":14}},{"start":{"line":30,"column":18},"end":{"line":30,"column":19}},{"start":{"line":30,"column":23},"end":{"line":30,"column":60}}],"line":30},"16":{"loc":{"start":{"line":39,"column":16},"end":{"line":39,"column":72}},"type":"binary-expr","locations":[{"start":{"line":39,"column":16},"end":{"line":39,"column":31}},{"start":{"line":39,"column":35},"end":{"line":39,"column":64}},{"start":{"line":39,"column":68},"end":{"line":39,"column":72}}],"line":39},"17":{"loc":{"start":{"line":74,"column":17},"end":{"line":82,"column":14}},"type":"binary-expr","locations":[{"start":{"line":74,"column":17},"end":{"line":74,"column":26}},{"start":{"line":74,"column":31},"end":{"line":82,"column":13}}],"line":74},"18":{"loc":{"start":{"line":81,"column":24},"end":{"line":81,"column":80}},"type":"binary-expr","locations":[{"start":{"line":81,"column":24},"end":{"line":81,"column":41}},{"start":{"line":81,"column":45},"end":{"line":81,"column":80}}],"line":81}},"s":{"0":1,"1":1,"2":1,"3":0,"4":0,"5":0,"6":0,"7":1,"8":1,"9":1,"10":0,"11":1,"12":1,"13":1,"14":1,"15":1,"16":1,"17":1,"18":0,"19":1,"20":1,"21":1,"22":1,"23":1,"24":1,"25":1,"26":1,"27":1,"28":3,"29":3,"30":3,"31":3,"32":1,"33":0,"34":1,"35":1,"36":1,"37":1,"38":1,"39":1,"40":3,"41":0,"42":0,"43":0,"44":0,"45":0,"46":1,"47":1,"48":1},"f":{"0":1,"1":1,"2":0,"3":0,"4":1,"5":1,"6":1,"7":1,"8":3,"9":0,"10":3,"11":0},"b":{"0":[1,1,1],"1":[1,0,0,0],"2":[0,0],"3":[0,1],"4":[1,0],"5":[0,1],"6":[1,1,1],"7":[1,0],"8":[0,0],"9":[0,1],"10":[1,1],"11":[1,0],"12":[1,0],"13":[1,0],"14":[0,0],"15":[1,0,0],"16":[3,3,3],"17":[3,3],"18":[0,0]},"inputSourceMap":{"0":"{","1":"\"","2":"v","3":"e","4":"r","5":"s","6":"i","7":"o","8":"n","9":"\"","10":":","11":"3","12":",","13":"\"","14":"s","15":"o","16":"u","17":"r","18":"c","19":"e","20":"s","21":"\"","22":":","23":"[","24":"\"","25":"E","26":":","27":"\\","28":"\\","29":"l","30":"e","31":"a","32":"r","33":"n","34":"i","35":"n","36":"g","37":"\\","38":"\\","39":"p","40":"r","41":"o","42":"j","43":"e","44":"c","45":"t","46":"s","47":"\\","48":"\\","49":"p","50":"a","51":"s","52":"s","53":"w","54":"o","55":"r","56":"d","57":"-","58":"g","59":"e","60":"n","61":"e","62":"r","63":"a","64":"t","65":"o","66":"r","67":"-","68":"v","69":"u","70":"e","71":"\\","72":"\\","73":"s","74":"r","75":"c","76":"\\","77":"\\","78":"c","79":"o","80":"m","81":"p","82":"o","83":"n","84":"e","85":"n","86":"t","87":"s","88":"\\","89":"\\","90":"c","91":"o","92":"m","93":"m","94":"o","95":"n","96":"\\","97":"\\","98":"B","99":"u","100":"t","101":"t","102":"o","103":"n","104":"\\","105":"\\","106":"B","107":"u","108":"t","109":"t","110":"o","111":"n","112":".","113":"v","114":"u","115":"e","116":"\"","117":"]","118":",","119":"\"","120":"n","121":"a","122":"m","123":"e","124":"s","125":"\"","126":":","127":"[","128":"]","129":",","130":"\"","131":"m","132":"a","133":"p","134":"p","135":"i","136":"n","137":"g","138":"s","139":"\"","140":":","141":"\"","142":";","143":";","144":";","145":";","146":";","147":";","148":";","149":";","150":";","151":";","152":";","153":";","154":";","155":";","156":";","157":";","158":";","159":";","160":";","161":";","162":";","163":";","164":";","165":";","166":";","167":";","168":";","169":";","170":";","171":";","172":";","173":";","174":";","175":";","176":"A","177":"A","178":"U","179":"A","180":";","181":"A","182":"A","183":"Y","184":"A","185":";","186":"E","187":"A","188":"A","189":"o","190":"C","191":";","192":"E","193":"A","194":"A","195":"p","196":"C","197":";","198":"I","199":"A","200":"A","201":"A","202":";","203":"I","204":"A","205":"C","206":"E","207":";","208":";","209":";","210":";","211":";","212":";","213":"I","214":"A","215":"C","216":"A","217":";","218":";","219":";","220":";","221":";","222":";","223":";","224":"E","225":"A","226":"C","227":"F","228":";","229":"E","230":"A","231":"H","232":"q","233":"B","234":",","235":"M","236":"A","237":"A","238":"M","239":",","240":"e","241":"A","242":"V","243":"1","244":"B","245":",","246":"i","247":"C","248":"A","249":"A","250":"O","251":",","252":"E","253":"A","254":"A","255":"C","256":";","257":"I","258":"A","259":"C","260":"P","261":",","262":"K","263":"A","264":"A","265":"K","266":",","267":"E","268":"A","269":"A","270":"E","271":";","272":"M","273":"A","274":"C","275":"L","276":",","277":"S","278":"A","279":"A","280":"S","281":",","282":"E","283":"A","284":"A","285":"E","286":";","287":"K","288":"A","289":"C","290":"Z","291":";","292":"I","293":"A","294":"C","295":"D","296":",","297":"O","298":"A","299":"A","300":"O","301":",","302":"E","303":"A","304":"A","305":"E","306":";","307":"M","308":"A","309":"C","310":"P","311":",","312":"Y","313":"A","314":"A","315":"Y","316":";","317":"Q","318":"A","319":"C","320":"V","321":",","322":"I","323":"A","324":"A","325":"I","326":",","327":"C","328":"A","329":"A","330":"C","331":",","332":"S","333":"A","334":"A","335":"S","336":",","337":"E","338":"A","339":"A","340":"E","341":";","342":"M","343":"A","344":"C","345":"l","346":"B","347":";","348":";","349":"G","350":"A","351":"E","352":"H","353":",","354":"C","355":"A","356":"A","357":"C","358":",","359":"G","360":"A","361":"C","362":"m","363":"B","364":",","365":"M","366":"A","367":"A","368":"M","369":",","370":"C","371":"A","372":"G","373":"1","374":"B","375":";","376":"E","377":"A","378":"A","379":"D","380":",","381":"a","382":"A","383":"A","384":"C","385":";","386":"C","387":"A","388":"A","389":"A","390":",","391":"C","392":"A","393":"H","394":"m","395":"C","396":",","397":"y","398":"B","399":"A","400":"A","401":"G","402":";","403":"k","404":"B","405":"A","406":"A","407":"l","408":"B","409":",","410":"M","411":"A","412":"A","413":"M","414":"\"","415":",","416":"\"","417":"f","418":"i","419":"l","420":"e","421":"\"","422":":","423":"\"","424":"E","425":":","426":"\\","427":"\\","428":"l","429":"e","430":"a","431":"r","432":"n","433":"i","434":"n","435":"g","436":"\\","437":"\\","438":"p","439":"r","440":"o","441":"j","442":"e","443":"c","444":"t","445":"s","446":"\\","447":"\\","448":"p","449":"a","450":"s","451":"s","452":"w","453":"o","454":"r","455":"d","456":"-","457":"g","458":"e","459":"n","460":"e","461":"r","462":"a","463":"t","464":"o","465":"r","466":"-","467":"v","468":"u","469":"e","470":"\\","471":"\\","472":"s","473":"r","474":"c","475":"\\","476":"\\","477":"c","478":"o","479":"m","480":"p","481":"o","482":"n","483":"e","484":"n","485":"t","486":"s","487":"\\","488":"\\","489":"c","490":"o","491":"m","492":"m","493":"o","494":"n","495":"\\","496":"\\","497":"B","498":"u","499":"t","500":"t","501":"o","502":"n","503":"\\","504":"\\","505":"B","506":"u","507":"t","508":"t","509":"o","510":"n","511":".","512":"v","513":"u","514":"e","515":"\"","516":",","517":"\"","518":"s","519":"o","520":"u","521":"r","522":"c","523":"e","524":"s","525":"C","526":"o","527":"n","528":"t","529":"e","530":"n","531":"t","532":"\"","533":":","534":"[","535":"\"","536":"<","537":"t","538":"e","539":"m","540":"p","541":"l","542":"a","543":"t","544":"e","545":">","546":"\\","547":"n","548":" ","549":" ","550":"<","551":"b","552":"u","553":"t","554":"t","555":"o","55
[...]
,"E:\\learning\\projects\\password-generator-vue\\src\\components\\common\\Input\\Input.vue": {"path":"E:\\learning\\projects\\password-generator-vue\\src\\components\\common\\Input\\Input.vue","statementMap":{"0":{"start":{"line":5,"column":16},"end":{"line":24,"column":3}},"1":{"start":{"line":6,"column":22},"end":{"line":15,"column":3}},"2":{"start":{"line":7,"column":4},"end":{"line":13,"column":6}},"3":{"start":{"line":10,"column":6},"end":{"line":10,"column":22}},"4":{"start":{"line":12,"column":6},"end":{"line":12,"column":83}},"5":{"start":{"line":12,"column":23},"end":{"line":12,"column":83}},"6":{"start":{"line":12,"column":71},"end":{"line":12,"column":83}},"7":{"start":{"line":14,"column":4},"end":{"line":14,"column":31}},"8":{"start":{"line":16,"column":2},"end":{"line":23,"column":4}},"9":{"start":{"line":17,"column":4},"end":{"line":17,"column":137}},"10":{"start":{"line":17,"column":47},"end":{"line":17,"column":137}},"11":{"start":{"line":18,"column":4},"end":{"line":18,"column":24}},"12":{"start":{"line":20,"column":6},"end":{"line":20,"column":27}},"13":{"start":{"line":22,"column":4},"end":{"line":22,"column":89}},"14":{"start":{"line":25,"column":17},"end":{"line":31,"column":1}},"15":{"start":{"line":26,"column":10},"end":{"line":26,"column":26}},"16":{"start":{"line":27,"column":8},"end":{"line":27,"column":99}},"17":{"start":{"line":29,"column":2},"end":{"line":29,"column":275}},"18":{"start":{"line":29,"column":77},"end":{"line":29,"column":129}},"19":{"start":{"line":29,"column":134},"end":{"line":29,"column":275}},"20":{"start":{"line":29,"column":147},"end":{"line":29,"column":168}},"21":{"start":{"line":29,"column":183},"end":{"line":29,"column":275}},"22":{"start":{"line":29,"column":206},"end":{"line":29,"column":275}},"23":{"start":{"line":30,"column":2},"end":{"line":30,"column":64}},"24":{"start":{"line":32,"column":0},"end":{"line":34,"column":3}},"25":{"start":{"line":35,"column":28},"end":{"line":35,"column":58}},"26":{"start":{"line":36,"column":25},"end":{"line":54,"column":28}},"27":{"start":{"line":37,"column":2},"end":{"line":37,"column":27}},"28":{"start":{"line":39,"column":16},"end":{"line":39,"column":72}},"29":{"start":{"line":40,"column":4},"end":{"line":45,"column":7}},"30":{"start":{"line":46,"column":4},"end":{"line":46,"column":17}},"31":{"start":{"line":48,"column":2},"end":{"line":52,"column":14}},"32":{"start":{"line":53,"column":2},"end":{"line":53,"column":15}},"33":{"start":{"line":55,"column":0},"end":{"line":55,"column":24}},"34":{"start":{"line":56,"column":0},"end":{"line":56,"column":13}},"35":{"start":{"line":57,"column":0},"end":{"line":57,"column":62}},"36":{"start":{"line":58,"column":0},"end":{"line":58,"column":24}},"37":{"start":{"line":59,"column":12},"end":{"line":59,"column":26}},"38":{"start":{"line":60,"column":17},"end":{"line":60,"column":26}},"39":{"start":{"line":62,"column":4},"end":{"line":62,"column":132}},"40":{"start":{"line":64,"column":0},"end":{"line":64,"column":24}},"41":{"start":{"line":66,"column":7},"end":{"line":69,"column":6}},"42":{"start":{"line":69,"column":7},"end":{"line":69,"column":54}}},"fnMap":{"0":{"name":"(anonymous_0)","decl":{"start":{"line":5,"column":42},"end":{"line":5,"column":43}},"loc":{"start":{"line":5,"column":54},"end":{"line":24,"column":1}},"line":5},"1":{"name":"(anonymous_1)","decl":{"start":{"line":6,"column":22},"end":{"line":6,"column":23}},"loc":{"start":{"line":6,"column":38},"end":{"line":15,"column":3}},"line":6},"2":{"name":"(anonymous_2)","decl":{"start":{"line":9,"column":26},"end":{"line":9,"column":27}},"loc":{"start":{"line":9,"column":42},"end":{"line":11,"column":5}},"line":9},"3":{"name":"(anonymous_3)","decl":{"start":{"line":11,"column":9},"end":{"line":11,"column":10}},"loc":{"start":{"line":11,"column":25},"end":{"line":13,"column":5}},"line":11},"4":{"name":"(anonymous_4)","decl":{"start":{"line":16,"column":9},"end":{"line":16,"column":10}},"loc":{"start":{"line":16,"column":25},"end":{"line":23,"column":3}},"line":16},"5":{"name":"__","decl":{"start":{"line":19,"column":13},"end":{"line":19,"column":15}},"loc":{"start":{"line":19,"column":18},"end":{"line":21,"column":5}},"line":19},"6":{"name":"(anonymous_6)","decl":{"start":{"line":25,"column":44},"end":{"line":25,"column":45}},"loc":{"start":{"line":25,"column":85},"end":{"line":31,"column":1}},"line":25},"7":{"name":"(anonymous_7)","decl":{"start":{"line":36,"column":25},"end":{"line":36,"column":26}},"loc":{"start":{"line":36,"column":43},"end":{"line":54,"column":1}},"line":36},"8":{"name":"Input","decl":{"start":{"line":38,"column":11},"end":{"line":38,"column":16}},"loc":{"start":{"line":38,"column":19},"end":{"line":47,"column":3}},"line":38},"9":{"name":"render","decl":{"start":{"line":61,"column":9},"end":{"line":61,"column":15}},"loc":{"start":{"line":61,"column":30},"end":{"line":63,"column":1}},"line":61}},"branchMap":{"0":{"loc":{"start":{"line":5,"column":16},"end":{"line":24,"column":3}},"type":"binary-expr","locations":[{"start":{"line":5,"column":16},"end":{"line":5,"column":20}},{"start":{"line":5,"column":24},"end":{"line":5,"column":38}},{"start":{"line":5,"column":42},"end":{"line":24,"column":3}}],"line":5},"1":{"loc":{"start":{"line":7,"column":20},"end":{"line":13,"column":5}},"type":"binary-expr","locations":[{"start":{"line":7,"column":20},"end":{"line":7,"column":41}},{"start":{"line":7,"column":45},"end":{"line":9,"column":22}},{"start":{"line":9,"column":26},"end":{"line":11,"column":5}},{"start":{"line":11,"column":9},"end":{"line":13,"column":5}}],"line":7},"2":{"loc":{"start":{"line":12,"column":23},"end":{"line":12,"column":83}},"type":"if","locations":[{"start":{"line":12,"column":23},"end":{"line":12,"column":83}},{"start":{},"end":{}}],"line":12},"3":{"loc":{"start":{"line":17,"column":4},"end":{"line":17,"column":137}},"type":"if","locations":[{"start":{"line":17,"column":4},"end":{"line":17,"column":137}},{"start":{},"end":{}}],"line":17},"4":{"loc":{"start":{"line":17,"column":8},"end":{"line":17,"column":45}},"type":"binary-expr","locations":[{"start":{"line":17,"column":8},"end":{"line":17,"column":31}},{"start":{"line":17,"column":35},"end":{"line":17,"column":45}}],"line":17},"5":{"loc":{"start":{"line":22,"column":18},"end":{"line":22,"column":88}},"type":"cond-expr","locations":[{"start":{"line":22,"column":31},"end":{"line":22,"column":47}},{"start":{"line":22,"column":51},"end":{"line":22,"column":87}}],"line":22},"6":{"loc":{"start":{"line":25,"column":17},"end":{"line":31,"column":1}},"type":"binary-expr","locations":[{"start":{"line":25,"column":17},"end":{"line":25,"column":21}},{"start":{"line":25,"column":25},"end":{"line":25,"column":40}},{"start":{"line":25,"column":44},"end":{"line":31,"column":1}}],"line":25},"7":{"loc":{"start":{"line":27,"column":8},"end":{"line":27,"column":99}},"type":"cond-expr","locations":[{"start":{"line":27,"column":16},"end":{"line":27,"column":22}},{"start":{"line":27,"column":25},"end":{"line":27,"column":99}}],"line":27},"8":{"loc":{"start":{"line":27,"column":25},"end":{"line":27,"column":99}},"type":"cond-expr","locations":[{"start":{"line":27,"column":41},"end":{"line":27,"column":92}},{"start":{"line":27,"column":95},"end":{"line":27,"column":99}}],"line":27},"9":{"loc":{"start":{"line":29,"column":2},"end":{"line":29,"column":275}},"type":"if","locations":[{"start":{"line":29,"column":2},"end":{"line":29,"column":275}},{"start":{"line":29,"column":134},"end":{"line":29,"column":275}}],"line":29},"10":{"loc":{"start":{"line":29,"column":6},"end":{"line":29,"column":75}},"type":"binary-expr","locations":[{"start":{"line":29,"column":6},"end":{"line":29,"column":33}},{"start":{"line":29,"column":37},"end":{"line":29,"column":75}}],"line":29},"11":{"loc":{"start":{"line":29,"column":183},"end":{"line":29,"column":275}},"type":"if","locations":[{"start":{"line":29,"column":183},"end":{"line":29,"column":275}},{"start":{},"end":{}}],"line":29},"12":{"loc":{"start":{"line":29,"column":210},"end":{"line":29,"column":274}},"type":"binary-expr","locations":[{"start":{"line":29,"column":211},"end":{"line":29,"column":268}},{"start":{"line":29,"column":273},"end":{"line":29,"column":274}}],"line":29},"13":{"loc":{"start":{"line":29,"column":211},"end":{"line":29,"column":268}},"type":"cond-expr","locations":[{"start":{"line":29,"column":219},"end":{"line":29,"column":223}},{"start":{"line":29,"column":226},"end":{"line":29,"column":268}}],"line":29},"14":{"loc":{"start":{"line":29,"column":226},"end":{"line":29,"column":268}},"type":"cond-expr","locations":[{"start":{"line":29,"column":234},"end":{"line":29,"column":251}},{"start":{"line":29,"column":254},"end":{"line":29,"column":268}}],"line":29},"15":{"loc":{"start":{"line":30,"column":9},"end":{"line":30,"column":60}},"type":"binary-expr","locations":[{"start":{"line":30,"column":9},"end":{"line":30,"column":14}},{"start":{"line":30,"column":18},"end":{"line":30,"column":19}},{"start":{"line":30,"column":23},"end":{"line":30,"column":60}}],"line":30},"16":{"loc":{"start":{"line":39,"column":16},"end":{"line":39,"column":72}},"type":"binary-expr","locations":[{"start":{"line":39,"column":16},"end":{"line":39,"column":31}},{"start":{"line":39,"column":35},"end":{"line":39,"column":64}},{"start":{"line":39,"column":68},"end":{"line":39,"column":72}}],"line":39}},"s":{"0":1,"1":1,"2":1,"3":0,"4":0,"5":0,"6":0,"7":1,"8":1,"9":1,"10":0,"11":1,"12":1,"13":1,"14":1,"15":1,"16":1,"17":1,"18":0,"19":1,"20":1,"21":1,"22":1,"23":1,"24":1,"25":1,"26":1,"27":1,"28":3,"29":3,"30":3,"31":1,"32":1,"33":1,"34":1,"35":1,"36":1,"37":1,"38":1,"39":3,"40":1,"41":1,"42":1},"f":{"0":1,"1":1,"2":0,"3":0,"4":1,"5":1,"6":1,"7":1,"8":3,"9":3},"b":{"0":[1,1,1],"1":[1,0,0,0],"2":[0,0],"3":[0,1],"4":[1,0],"5":[0,1],"6":[1,1,1],"7":[1,0],"8":[0,0],"9":[0,1],"10":[1,1],"11":[1,0],"12":[1,0],"13":[1,0],"14":[0,0],"15":[1,0,0],"16":[3,3,3]},"inputSourceMap":{"0":"{","1":"\"","2":"v","3":"e","4":"r","5":"s","6":"i","7":"o","8":"n","9":"\"","10":":","11":"3","12":",","13":"\"","14":"s","15":"o","16":"u","17":"r","18":"c","19":"e","20":"s","21":"\"","22":":","23":"[","24":"\"","25":"E","26":":","27":"\\","28":"\\","29":"l","30":"e","31":"a","32":"r","33":"n","34":"i","35":"n","36":"g","37":"\\","38":"\\","39":"p","40":"r","41":"o","42":"j","43":"e","44":"c","45":"t","46":"s","47":"\\","48":"\\","49":"p","50":"a","51":"s","52":"s","53":"w","54":"o","55":"r","56":"d","57":"-","58":"g","59":"e","60":"n","61":"e","62":"r","63":"a","64":"t","65":"o","66":"r","67":"-","68":"v","69":"u","70":"e","71":"\\","72":"\\","73":"s","74":"r","75":"c","76":"\\","77":"\\","78":"c","79":"o","80":"m","81":"p","82":"o","83":"n","84":"e","85":"n","86":"t","87":"s","88":"\\","89":"\\","90":"c","91":"o","92":"m","93":"m","94":"o","95":"n","96":"\\","97":"\\","98":"I","99":"n","100":"p","101":"u","102":"t","103":"\\","104":"\\","105":"I","106":"n","107":"p","108":"u","109":"t","110":".","111":"v","112":"u","113":"e","114":"\"","115":"]","116":",","117":"\"","118":"n","119":"a","120":"m","121":"e","122":"s","123":"\"","124":":","125":"[","126":"]","127":",","128":"\"","129":"m","130":"a","131":"p","132":"p","133":"i","134":"n","135":"g","136":"s","137":"\"","138":":","139":"\"","140":";","141":";","142":";","143":";","144":";","145":";","146":";","147":";","148":";","149":";","150":";","151":";","152":";","153":";","154":";","155":";","156":";","157":";","158":";","159":";","160":";","161":";","162":";","163":";","164":";","165":";","166":";","167":";","168":";","169":";","170":";","171":";","172":";","173":";","174":"A","175":"A","176":"K","177":"A","178":";","179":"A","180":"A","181":"O","182":"A","183":";","184":"E","185":"A","186":"A","187":"m","188":"C","189":";","190":"E","191":"A","192":"A","193":"n","194":"C","195":";","196":"I","197":"A","198":"A","199":"A","200":";","201":"I","202":"A","203":"C","204":"E","205":";","206":";","207":";","208":";","209":";","210":";","211":";","212":"E","213":"A","214":"C","215":"F","216":";","217":"E","218":"A","219":"F","220":"q","221":"B","222":",","223":"K","224":"A","225":"A","226":"K","227":",","228":"e","229":"A","230":"L","231":"z","232":"B","233":",","234":"i","235":"C","236":"A","237":"A","238":"O","239":",","240":"E","241":"A","242":"A","243":"C","244":";","245":"I","246":"A","247":"C","248":"P","249":",","250":"K","251":"A","252":"A","253":"K","254":",","255":"E","256":"A","257":"A","258":"E","259":";","260":"M","261":"A","262":"C","263":"L","264":",","265":"G","266":"A","267":"A","268":"G","269":",","270":"E","271":"A","272":"A","273":"E","274":";","275":";","276":"G","277":"A","278":"E","279":"R","280":",","281":"C","282":"A","283":"A","284":"C","285":",","286":"G","287":"A","288":"C","289":"m","290":"B","291":",","292":"K","293":"A","294":"A","295":"K","296":",","297":"C","298":"A","299":"E","300":"z","301":"B","302":";","303":"E","304":"A","305":"A","306":"D","307":",","308":"Y","309":"A","310":"A","311":"C","312":";","313":"C","314":"A","315":"A","316":"A","317":",","318":"C","319":"A","320":"F","321":"k","322":"C","323":",","324":"y","325":"B","326":"A","327":"A","328":"G","329":";","330":"k","331":"B","332":"A","333":"A","334":"j","335":"B","336":",","337":"K","338":"A","339":"A","340":"K","341":"\"","342":",","343":"\"","344":"f","345":"i","346":"l","347":"e","348":"\"","349":":","350":"\"","351":"E","352":":","353":"\\","354":"\\","355":"l","356":"e","357":"a","358":"r","359":"n","360":"i","361":"n","362":"g","363":"\\","364":"\\","365":"p","366":"r","367":"o","368":"j","369":"e","370":"c","371":"t","372":"s","373":"\\","374":"\\","375":"p","376":"a","377":"s","378":"s","379":"w","380":"o","381":"r","382":"d","383":"-","384":"g","385":"e","386":"n","387":"e","388":"r","389":"a","390":"t","391":"o","392":"r","393":"-","394":"v","395":"u","396":"e","397":"\\","398":"\\","399":"s","400":"r","401":"c","402":"\\","403":"\\","404":"c","405":"o","406":"m","407":"p","408":"o","409":"n","410":"e","411":"n","412":"t","413":"s","414":"\\","415":"\\","416":"c","417":"o","418":"m","419":"m","420":"o","421":"n","422":"\\","423":"\\","424":"I","425":"n","426":"p","427":"u","428":"t","429":"\\","430":"\\","431":"I","432":"n","433":"p","434":"u","435":"t","436":".","437":"v","438":"u","439":"e","440":"\"","441":",","442":"\"","443":"s","444":"o","445":"u","446":"r","447":"c","448":"e","449":"s","450":"C","451":"o","452":"n","453":"t","454":"e","455":"n","456":"t","457":"\"","458":":","459":"[","460":"\"","461":"<","462":"t","463":"e","464":"m","465":"p","466":"l","467":"a","468":"t","469":"e","470":">","471":"\\","472":"n","473":" ","474":" ","475":"<","476":"i","477":"n","478":"p","479":"u","480":"t","481":" ","482":":","483":"v","484":"a","485":"l","486":"u","487":"e","488":"=","489":"\\","490":"\"","491":"v","492":"a","493":"l","494":"u","495":"e","496":"\\","497":"\"","498":">","499":"\\","500":"n","501":"<","502":"/","503":"t","504":"e","505":"m","506":"p","507":"l","508":"a","509":"t","510":"e","511":">","512":"\\","513":"n","514":"\\","515":"n","516":"<","517":"s","518":"c","519":"r","520":"i","521":"p","522":"t","523":" ","524":"l","525":"a","526":"n","527":"g","528":"=","529":"\\","530":"\"","531":"t","532":"s","533":"\\","534":"\"","535":">","536":"\\","537":"n","538":"i","539":"m","540":"p","541":"o","542":"r","543":"t","544":" ","545":"{","546":" ","547":"O","548":"p","549":"t","550":"i","551":"o","552":"n","553":"s","554":",","555":" ","556":"V","557":"u","558":"e","559":" ","560":"}","561":" ","562":"f","563":"r","564":"o","565":"m","566":" ","567":"'","568":"v","569":"u","570":"e","571":"-","572":"c","573":"l","574":"a","575":"s","576":"s","577":"-","578":"c","579":"o","580":"m","581":"p","582":"o","583":"n","584":"e","585":"n","586":"t","587":"'","588":";","589":"\\","590":"n","591":"\\","592":"n","593":"@","594":"O","595":"p","596":"t","597":"i","598":"o","599":"n","600":"s","601":"(","602":"{","603":"\\","604":"n","605":" ","606":" ","607":"p","608":"r","609":"o","610":"p","611":"s","612":":","613":" ","614":"{","615":"\\","616":"n","617":" ","618":" ","619":" ","620":" ","621":"m","622":"s","623":"g","624":":","625":" ","626":"S","627":"t","628":"r","629":"i","630":"n","631":"g","632":"\\","633":"n","634":" ","635":" ","636":"}","637":"\\","638":"n","639":"}","640":")","641":"\\","642":"n","643":"e","644":"x","645":"p","646":"o","647":"r","648":"t","649":" ","650":"d","651":"e","652":"f","653":"a","654":"u","655":"l","656":"t","657":" ","658":"c","659":"l","660":"a","661":"s","662":"s","663":" ","664":"I","665":"n","666":"p","667":"u","668":"t","669":" ","670":"e","671":"x","672":"t","673":"e","674":"n","675":"d","676":"s","677":" ","678":"V","679":"u","680":"e","681":" ","682":"{","683":"\\","684":"n","685":" ","686":" ","687":"v","688":"a","689":"l","690":"u","691":"e","692":"!","693":":","694":" ","695":"s","696":"t","697":"r","698":"i","699":"n","700":"g","701":"\\","702":"n","703":"}","704":"\\","705":"n","706":"<","707":"/","708":"s","709":"c","710":"r","711":"i","712":"p","713":"t","714":">","715":"\"","716":"]","717":"}"},"_coverageSchema":"1a1c01bbd47fc00a2c39e90264f33305004495a9","hash":"6fa97fe5f79e8fedb7ce22d7f4b4e9c0aded9bd5"}
,"E:\\learning\\projects\\password-generator-vue\\src\\store\\index.ts": {"path":"E:\\learning\\projects\\password-generator-vue\\src\\store\\index.ts","statementMap":{"0":{"start":{"line":1,"column":0},"end":{"line":1,"column":null}},"1":{"start":{"line":2,"column":0},"end":{"line":2,"column":null}},"2":{"start":{"line":4,"column":0},"end":{"line":25,"column":null}},"3":{"start":{"line":5,"column":16},"end":{"line":10,"column":4}},"4":{"start":{"line":15,"column":6},"end":{"line":15,"column":null}},"5":{"start":{"line":18,"column":6},"end":{"line":18,"column":null}}},"fnMap":{"0":{"name":"(anonymous_0)","decl":{"start":{"line":5,"column":9},"end":{"line":5,"column":16}},"loc":{"start":{"line":5,"column":16},"end":{"line":10,"column":4}}},"1":{"name":"(anonymous_1)","decl":{"start":{"line":14,"column":17},"end":{"line":14,"column":18}},"loc":{"start":{"line":14,"column":50},"end":{"line":16,"column":5}}},"2":{"name":"(anonymous_2)","decl":{"start":{"line":17,"column":23},"end":{"line":17,"column":24}},"loc":{"start":{"line":17,"column":56},"end":{"line":19,"column":null}}}},"branchMap":{},"s":{"0":1,"1":1,"2":1,"3":1,"4":0,"5":0},"f":{"0":1,"1":0,"2":0},"b":{}}
}
