TN:
SF:src\App.vue
FN:5,(anonymous_0)
FN:6,(anonymous_1)
FN:9,(anonymous_2)
FN:11,(anonymous_3)
FN:16,(anonymous_4)
FN:19,__
FN:25,(anonymous_6)
FN:26,(anonymous_7)
FN:35,(anonymous_8)
FN:42,(anonymous_9)
FN:55,(anonymous_10)
FN:57,App
FN:78,(anonymous_12)
FN:85,(anonymous_13)
FN:89,(anonymous_14)
FN:105,render
FN:114,(anonymous_16)
FNF:17
FNH:12
FNDA:1,(anonymous_0)
FNDA:1,(anonymous_1)
FNDA:0,(anonymous_2)
FNDA:0,(anonymous_3)
FNDA:1,(anonymous_4)
FNDA:1,__
FNDA:1,(anonymous_6)
FNDA:0,(anonymous_7)
FNDA:1,(anonymous_8)
FNDA:2,(anonymous_9)
FNDA:1,(anonymous_10)
FNDA:3,App
FNDA:3,(anonymous_12)
FNDA:0,(anonymous_13)
FNDA:0,(anonymous_14)
FNDA:3,render
FNDA:3,(anonymous_16)
DA:5,1
DA:6,1
DA:7,1
DA:10,0
DA:12,0
DA:14,1
DA:16,1
DA:17,1
DA:18,1
DA:20,1
DA:22,1
DA:25,1
DA:26,1
DA:27,0
DA:28,0
DA:29,0
DA:31,0
DA:33,1
DA:35,1
DA:36,1
DA:37,1
DA:39,1
DA:40,1
DA:42,1
DA:43,2
DA:47,1
DA:50,1
DA:51,1
DA:52,1
DA:53,1
DA:54,1
DA:55,1
DA:56,1
DA:58,3
DA:59,3
DA:65,3
DA:71,3
DA:73,1
DA:79,3
DA:86,0
DA:87,0
DA:90,0
DA:91,0
DA:92,0
DA:94,0
DA:98,1
DA:100,1
DA:101,1
DA:102,1
DA:103,1
DA:104,1
DA:106,3
DA:107,3
DA:108,3
DA:114,3
DA:121,1
DA:123,1
DA:126,1
LF:58
LH:46
BRDA:5,0,0,1
BRDA:5,0,1,1
BRDA:5,0,2,1
BRDA:7,1,0,1
BRDA:7,1,1,0
BRDA:7,1,2,0
BRDA:7,1,3,0
BRDA:12,2,0,0
BRDA:12,2,1,0
BRDA:17,3,0,0
BRDA:17,3,1,1
BRDA:17,4,0,1
BRDA:17,4,1,0
BRDA:22,5,0,0
BRDA:22,5,1,1
BRDA:25,6,0,1
BRDA:25,6,1,1
BRDA:25,6,2,1
BRDA:26,7,0,1
BRDA:26,7,1,0
BRDA:29,8,0,0
BRDA:29,8,1,0
BRDA:35,9,0,1
BRDA:35,9,1,1
BRDA:35,9,2,1
BRDA:37,10,0,1
BRDA:37,10,1,0
BRDA:37,11,0,0
BRDA:37,11,1,0
BRDA:39,12,0,0
BRDA:39,12,1,1
BRDA:39,13,0,1
BRDA:39,13,1,1
BRDA:39,14,0,1
BRDA:39,14,1,0
BRDA:39,15,0,1
BRDA:39,15,1,0
BRDA:39,16,0,1
BRDA:39,16,1,0
BRDA:39,17,0,0
BRDA:39,17,1,0
BRDA:40,18,0,1
BRDA:40,18,1,0
BRDA:40,18,2,0
BRDA:42,19,0,1
BRDA:42,19,1,1
BRDA:42,19,2,1
BRDA:43,20,0,2
BRDA:43,20,1,0
BRDA:43,21,0,2
BRDA:43,21,1,2
BRDA:58,22,0,3
BRDA:58,22,1,3
BRDA:58,22,2,3
BRF:54
BRH:31
end_of_record
TN:
SF:src\components\Result\Result.vue
FN:5,(anonymous_0)
FN:6,(anonymous_1)
FN:9,(anonymous_2)
FN:11,(anonymous_3)
FN:16,(anonymous_4)
FN:19,__
FN:25,(anonymous_6)
FN:26,(anonymous_7)
FN:35,(anonymous_8)
FN:42,(anonymous_9)
FN:53,(anonymous_10)
FN:55,Result
FN:81,render
FNF:13
FNH:10
FNDA:1,(anonymous_0)
FNDA:1,(anonymous_1)
FNDA:0,(anonymous_2)
FNDA:0,(anonymous_3)
FNDA:1,(anonymous_4)
FNDA:1,__
FNDA:1,(anonymous_6)
FNDA:0,(anonymous_7)
FNDA:1,(anonymous_8)
FNDA:1,(anonymous_9)
FNDA:1,(anonymous_10)
FNDA:3,Result
FNDA:3,render
DA:5,1
DA:6,1
DA:7,1
DA:10,0
DA:12,0
DA:14,1
DA:16,1
DA:17,1
DA:18,1
DA:20,1
DA:22,1
DA:25,1
DA:26,1
DA:27,0
DA:28,0
DA:29,0
DA:31,0
DA:33,1
DA:35,1
DA:36,1
DA:37,1
DA:39,1
DA:40,1
DA:42,1
DA:43,1
DA:47,1
DA:50,1
DA:51,1
DA:52,1
DA:53,1
DA:54,1
DA:56,3
DA:57,3
DA:63,3
DA:65,1
DA:74,1
DA:76,1
DA:77,1
DA:78,1
DA:79,1
DA:80,1
DA:82,3
DA:83,3
DA:88,1
DA:90,1
DA:93,1
LF:46
LH:40
BRDA:5,0,0,1
BRDA:5,0,1,1
BRDA:5,0,2,1
BRDA:7,1,0,1
BRDA:7,1,1,0
BRDA:7,1,2,0
BRDA:7,1,3,0
BRDA:12,2,0,0
BRDA:12,2,1,0
BRDA:17,3,0,0
BRDA:17,3,1,1
BRDA:17,4,0,1
BRDA:17,4,1,0
BRDA:22,5,0,0
BRDA:22,5,1,1
BRDA:25,6,0,1
BRDA:25,6,1,1
BRDA:25,6,2,1
BRDA:26,7,0,1
BRDA:26,7,1,0
BRDA:29,8,0,0
BRDA:29,8,1,0
BRDA:35,9,0,1
BRDA:35,9,1,1
BRDA:35,9,2,1
BRDA:37,10,0,1
BRDA:37,10,1,0
BRDA:37,11,0,0
BRDA:37,11,1,0
BRDA:39,12,0,0
BRDA:39,12,1,1
BRDA:39,13,0,1
BRDA:39,13,1,1
BRDA:39,14,0,1
BRDA:39,14,1,0
BRDA:39,15,0,1
BRDA:39,15,1,0
BRDA:39,16,0,1
BRDA:39,16,1,0
BRDA:39,17,0,0
BRDA:39,17,1,0
BRDA:40,18,0,1
BRDA:40,18,1,0
BRDA:40,18,2,0
BRDA:42,19,0,1
BRDA:42,19,1,1
BRDA:42,19,2,1
BRDA:43,20,0,1
BRDA:43,20,1,0
BRDA:43,21,0,1
BRDA:43,21,1,1
BRDA:56,22,0,3
BRDA:56,22,1,3
BRDA:56,22,2,3
BRF:54
BRH:31
end_of_record
TN:
SF:src\components\common\Button\Button.vue
FN:5,(anonymous_0)
FN:6,(anonymous_1)
FN:9,(anonymous_2)
FN:11,(anonymous_3)
FN:16,(anonymous_4)
FN:19,__
FN:25,(anonymous_6)
FN:36,(anonymous_7)
FN:38,Button
FN:59,(anonymous_9)
FN:71,render
FN:76,(anonymous_11)
FNF:12
FNH:8
FNDA:1,(anonymous_0)
FNDA:1,(anonymous_1)
FNDA:0,(anonymous_2)
FNDA:0,(anonymous_3)
FNDA:1,(anonymous_4)
FNDA:1,__
FNDA:1,(anonymous_6)
FNDA:1,(anonymous_7)
FNDA:3,Button
FNDA:0,(anonymous_9)
FNDA:3,render
FNDA:0,(anonymous_11)
DA:5,1
DA:6,1
DA:7,1
DA:10,0
DA:12,0
DA:14,1
DA:16,1
DA:17,1
DA:18,1
DA:20,1
DA:22,1
DA:25,1
DA:26,1
DA:27,1
DA:29,1
DA:30,1
DA:32,1
DA:35,1
DA:36,1
DA:37,1
DA:39,3
DA:40,3
DA:46,3
DA:52,3
DA:54,1
DA:60,0
DA:64,1
DA:66,1
DA:67,1
DA:68,1
DA:69,1
DA:70,1
DA:72,3
DA:77,0
DA:78,0
DA:79,0
DA:81,0
DA:87,1
DA:89,1
DA:92,1
LF:40
LH:33
BRDA:5,0,0,1
BRDA:5,0,1,1
BRDA:5,0,2,1
BRDA:7,1,0,1
BRDA:7,1,1,0
BRDA:7,1,2,0
BRDA:7,1,3,0
BRDA:12,2,0,0
BRDA:12,2,1,0
BRDA:17,3,0,0
BRDA:17,3,1,1
BRDA:17,4,0,1
BRDA:17,4,1,0
BRDA:22,5,0,0
BRDA:22,5,1,1
BRDA:25,6,0,1
BRDA:25,6,1,1
BRDA:25,6,2,1
BRDA:27,7,0,1
BRDA:27,7,1,0
BRDA:27,8,0,0
BRDA:27,8,1,0
BRDA:29,9,0,0
BRDA:29,9,1,1
BRDA:29,10,0,1
BRDA:29,10,1,1
BRDA:29,11,0,1
BRDA:29,11,1,0
BRDA:29,12,0,1
BRDA:29,12,1,0
BRDA:29,13,0,1
BRDA:29,13,1,0
BRDA:29,14,0,0
BRDA:29,14,1,0
BRDA:30,15,0,1
BRDA:30,15,1,0
BRDA:30,15,2,0
BRDA:39,16,0,3
BRDA:39,16,1,3
BRDA:39,16,2,3
BRDA:74,17,0,3
BRDA:74,17,1,3
BRDA:81,18,0,0
BRDA:81,18,1,0
BRF:44
BRH:23
end_of_record
TN:
SF:src\components\common\Input\Input.vue
FN:5,(anonymous_0)
FN:6,(anonymous_1)
FN:9,(anonymous_2)
FN:11,(anonymous_3)
FN:16,(anonymous_4)
FN:19,__
FN:25,(anonymous_6)
FN:36,(anonymous_7)
FN:38,Input
FN:61,render
FNF:10
FNH:8
FNDA:1,(anonymous_0)
FNDA:1,(anonymous_1)
FNDA:0,(anonymous_2)
FNDA:0,(anonymous_3)
FNDA:1,(anonymous_4)
FNDA:1,__
FNDA:1,(anonymous_6)
FNDA:1,(anonymous_7)
FNDA:3,Input
FNDA:3,render
DA:5,1
DA:6,1
DA:7,1
DA:10,0
DA:12,0
DA:14,1
DA:16,1
DA:17,1
DA:18,1
DA:20,1
DA:22,1
DA:25,1
DA:26,1
DA:27,1
DA:29,1
DA:30,1
DA:32,1
DA:35,1
DA:36,1
DA:37,1
DA:39,3
DA:40,3
DA:46,3
DA:48,1
DA:53,1
DA:55,1
DA:56,1
DA:57,1
DA:58,1
DA:59,1
DA:60,1
DA:62,3
DA:64,1
DA:66,1
DA:69,1
LF:35
LH:33
BRDA:5,0,0,1
BRDA:5,0,1,1
BRDA:5,0,2,1
BRDA:7,1,0,1
BRDA:7,1,1,0
BRDA:7,1,2,0
BRDA:7,1,3,0
BRDA:12,2,0,0
BRDA:12,2,1,0
BRDA:17,3,0,0
BRDA:17,3,1,1
BRDA:17,4,0,1
BRDA:17,4,1,0
BRDA:22,5,0,0
BRDA:22,5,1,1
BRDA:25,6,0,1
BRDA:25,6,1,1
BRDA:25,6,2,1
BRDA:27,7,0,1
BRDA:27,7,1,0
BRDA:27,8,0,0
BRDA:27,8,1,0
BRDA:29,9,0,0
BRDA:29,9,1,1
BRDA:29,10,0,1
BRDA:29,10,1,1
BRDA:29,11,0,1
BRDA:29,11,1,0
BRDA:29,12,0,1
BRDA:29,12,1,0
BRDA:29,13,0,1
BRDA:29,13,1,0
BRDA:29,14,0,0
BRDA:29,14,1,0
BRDA:30,15,0,1
BRDA:30,15,1,0
BRDA:30,15,2,0
BRDA:39,16,0,3
BRDA:39,16,1,3
BRDA:39,16,2,3
BRF:40
BRH:21
end_of_record
TN:
SF:src\store\index.ts
FN:5,(anonymous_0)
FN:14,(anonymous_1)
FN:17,(anonymous_2)
FNF:3
FNH:1
FNDA:1,(anonymous_0)
FNDA:0,(anonymous_1)
FNDA:0,(anonymous_2)
DA:1,1
DA:2,1
DA:4,1
DA:5,1
DA:15,0
DA:18,0
LF:6
LH:4
BRF:0
BRH:0
end_of_record
